#
# A fatal error has been detected by the Java Runtime Environment:
#
#  SIGSEGV (0xb) at pc=0x00000001108772c1, pid=46356, tid=0x0000000000002c03
#
# JRE version: OpenJDK Runtime Environment (8.0_152-b06) (build 1.8.0_152-release-1136-b06)
# Java VM: OpenJDK 64-Bit Server VM (25.152-b06 mixed mode bsd-amd64 compressed oops)
# Problematic frame:
# V  [libjvm.dylib+0x49f2c1]  oopDesc* PSPromotionManager::copy_to_survivor_space<false>(oopDesc*)+0x59
#
# Failed to write core dump. Core dumps have been disabled. To enable core dumping, try "ulimit -c unlimited" before starting Java again
#
# If you would like to submit a bug report, please visit:
#   http://bugreport.java.com/bugreport/crash.jsp
#

---------------  T H R E A D  ---------------

Current thread (0x00007f7f45018800):  GCTaskThread [stack: 0x00007000035a9000,0x00007000036a9000] [id=11267]

siginfo: si_signo: 11 (SIGSEGV), si_code: 1 (SEGV_MAPERR), si_addr: 0x0000000000000008

Registers:
RAX=0x0000000110bff501, RBX=0x00007f7f45001540, RCX=0x0000000000000003, RDX=0x0000000110bee510
RSP=0x00007000036a8c90, RBP=0x00007000036a8d10, RSI=0x000000075df61018, RDI=0x0000000000000000
R8 =0x0000000000000000, R9 =0x0000000110bdb432, R10=0x00007f7f44d06838, R11=0xffffffff2b2cc088
R12=0x0000000000000000, R13=0x00007f7f45001540, R14=0x000000068922ceac, R15=0x0000000110bee500
RIP=0x00000001108772c1, EFLAGS=0x0000000000010246, ERR=0x0000000000000004
  TRAPNO=0x000000000000000e

Top of Stack: (sp=0x00007000036a8c90)
0x00007000036a8c90:   0000000000001000 000000077a3c99a8
0x00007000036a8ca0:   0000000000001000 000000068922b418
0x00007000036a8cb0:   0000000000000400 0000000761b2da12
0x00007000036a8cc0:   0000000000000005 000000000000000d
0x00007000036a8cd0:   000000075df61018 00007f7f45001540
0x00007000036a8ce0:   0000000000000005 000000068922cead
0x00007000036a8cf0:   0000000110bff52b 00007f7f45001540
0x00007000036a8d00:   000000068922ceac 0000000110bee500
0x00007000036a8d10:   00007000036a8d40 0000000110876c44
0x00007000036a8d20:   000000068922cead 0000000110c03db0
0x00007000036a8d30:   00007f7f450015a0 00007f7f450015d8
0x00007000036a8d40:   00007000036a8d90 0000000110876a08
0x00007000036a8d50:   00007f7f45018800 000000068922cead
0x00007000036a8d60:   01007000036a8d90 00007f7f45001540
0x00007000036a8d70:   00007f7f49f96600 00000001109b0252
0x00007000036a8d80:   0000000000000003 0000000000000001
0x00007000036a8d90:   00007000036a8de0 000000011087a234
0x00007000036a8da0:   0000000110bff779 00007f7f49f96600
0x00007000036a8db0:   00007000036a8de0 00007f7f45018800
0x00007000036a8dc0:   00007f7f49f96600 00000001109b0252
0x00007000036a8dd0:   0000000000000000 0000000000000001
0x00007000036a8de0:   00007000036a8ec0 0000000110637484
0x00007000036a8df0:   00007f7f44d0ca00 00007f7f45018800
0x00007000036a8e00:   00007f7f44d0c250 00007f7f44d0c290
0x00007000036a8e10:   00007f7f44d0c2a0 00007f7f44d0c378
0x00007000036a8e20:   00000000000000d8 00007f7f44d0c490
0x00007000036a8e30:   00007f7f45018800 00007f7f44d0c250
0x00007000036a8e40:   00007f7f44d0c290 00007f7f44d0c2a0
0x00007000036a8e50:   00007f7f44d0c378 00000000000000d8
0x00007000036a8e60:   00007000036a8df8 00007f7f44d0be30
0x00007000036a8e70:   00007f7f44d0be60 00007f7f44d0be70
0x00007000036a8e80:   00007f7f44d0c248 00000000000003d8 

Instructions: (pc=0x00000001108772c1)
0x00000001108772a1:   c0 48 89 75 c0 74 15 48 8d 15 61 72 37 00 8a 4a
0x00000001108772b1:   08 8b 7e 08 48 d3 e7 48 03 3a eb 04 48 8b 7e 08
0x00000001108772c1:   44 8b 6f 08 45 85 ed 48 89 5d c8 7e 0c 41 f6 c5
0x00000001108772d1:   01 75 08 41 c1 ed 03 eb 5d 78 16 48 8b 07 48 8b 

Register to memory mapping:

RAX=0x0000000110bff501: _ZN14GenerateOopMap18_total_oopmap_timeE+0x11 in /Applications/Android Studio.app/Contents/jre/jdk/Contents/Home/jre/lib/server/libjvm.dylib at 0x00000001103d8000
RBX=0x00007f7f45001540 is an unknown value
RCX=0x0000000000000003 is an unknown value
RDX=0x0000000110bee510: _ZN8Universe13_narrow_klassE+0 in /Applications/Android Studio.app/Contents/jre/jdk/Contents/Home/jre/lib/server/libjvm.dylib at 0x00000001103d8000
RSP=0x00007000036a8c90 is an unknown value
RBP=0x00007000036a8d10 is an unknown value
RSI=0x000000075df61018 is an unknown value
RDI=0x0000000000000000 is an unknown value
R8 =0x0000000000000000 is an unknown value
R9 =0x0000000110bdb432: UseBiasedLocking+0 in /Applications/Android Studio.app/Contents/jre/jdk/Contents/Home/jre/lib/server/libjvm.dylib at 0x00000001103d8000
R10=0x00007f7f44d06838 is an unknown value
R11=0xffffffff2b2cc088 is an unknown value
R12=0x0000000000000000 is an unknown value
R13=0x00007f7f45001540 is an unknown value
R14=0x000000068922ceac is pointing into object: 0x000000068922ce90
com.android.tools.r8.graph.JarCode 
 - klass: 'com/android/tools/r8/graph/JarCode'
R15=0x0000000110bee500: _ZN8Universe11_narrow_oopE+0 in /Applications/Android Studio.app/Contents/jre/jdk/Contents/Home/jre/lib/server/libjvm.dylib at 0x00000001103d8000


Stack: [0x00007000035a9000,0x00007000036a9000],  sp=0x00007000036a8c90,  free space=1023k
Native frames: (J=compiled Java code, j=interpreted, Vv=VM code, C=native code)
V  [libjvm.dylib+0x49f2c1]  oopDesc* PSPromotionManager::copy_to_survivor_space<false>(oopDesc*)+0x59
V  [libjvm.dylib+0x49ec44]  PSPromotionManager::process_popped_location_depth(StarTask)+0x106
V  [libjvm.dylib+0x49ea08]  PSPromotionManager::drain_stacks_depth(bool)+0x11e
V  [libjvm.dylib+0x4a2234]  StealTask::do_it(GCTaskManager*, unsigned int)+0x30
V  [libjvm.dylib+0x25f484]  GCTaskThread::run()+0x130
V  [libjvm.dylib+0x45fb89]  java_start(Thread*)+0xfa
C  [libsystem_pthread.dylib+0x3305]  _pthread_body+0x7e
C  [libsystem_pthread.dylib+0x626f]  _pthread_start+0x46
C  [libsystem_pthread.dylib+0x2415]  thread_start+0xd


---------------  P R O C E S S  ---------------

Java Threads: ( => current thread )
  0x00007f7f4b6d0000 JavaThread "ForkJoinPool.commonPool-worker-7" daemon [_thread_blocked, id=33027, stack(0x0000700006c4b000,0x0000700006d4b000)]
  0x00007f7f4bc44800 JavaThread "ForkJoinPool.commonPool-worker-6" daemon [_thread_blocked, id=32515, stack(0x0000700006b48000,0x0000700006c48000)]
  0x00007f7f4bc44000 JavaThread "ForkJoinPool.commonPool-worker-5" daemon [_thread_blocked, id=35075, stack(0x0000700006a45000,0x0000700006b45000)]
  0x00007f7f4c3dd800 JavaThread "ForkJoinPool.commonPool-worker-4" daemon [_thread_blocked, id=35331, stack(0x0000700006942000,0x0000700006a42000)]
  0x00007f7f4b6cf800 JavaThread "ForkJoinPool.commonPool-worker-3" daemon [_thread_blocked, id=31491, stack(0x000070000683f000,0x000070000693f000)]
  0x00007f7f47bf2000 JavaThread "ForkJoinPool.commonPool-worker-2" daemon [_thread_blocked, id=35587, stack(0x000070000673c000,0x000070000683c000)]
  0x00007f7f47c44000 JavaThread "ForkJoinPool.commonPool-worker-1" daemon [_thread_blocked, id=30723, stack(0x0000700006639000,0x0000700006739000)]
  0x00007f7f4a18f800 JavaThread "Cache worker for Java compile cache (/Users/zhengjiangrong/Documents/GitHub/weexplus/platforms/android/weexplus/.gradle/4.6/javaCompile)" [_thread_blocked, id=30211, stack(0x0000700006536000,0x0000700006636000)]
  0x00007f7f4600e800 JavaThread "Task worker for ':' Thread 7" [_thread_blocked, id=36099, stack(0x0000700006433000,0x0000700006533000)]
  0x00007f7f4716b000 JavaThread "Task worker for ':' Thread 6" [_thread_blocked, id=29699, stack(0x0000700006330000,0x0000700006430000)]
  0x00007f7f49043000 JavaThread "Task worker for ':' Thread 5" [_thread_blocked, id=36355, stack(0x000070000622d000,0x000070000632d000)]
  0x00007f7f49bf7000 JavaThread "Task worker for ':' Thread 4" [_thread_blocked, id=36611, stack(0x000070000612a000,0x000070000622a000)]
  0x00007f7f4c08a000 JavaThread "Task worker for ':' Thread 3" [_thread_blocked, id=28675, stack(0x0000700006027000,0x0000700006127000)]
  0x00007f7f4c9ae000 JavaThread "Task worker for ':' Thread 2" [_thread_blocked, id=36867, stack(0x0000700005f24000,0x0000700006024000)]
  0x00007f7f4c9ad800 JavaThread "Task worker for ':'" [_thread_blocked, id=28163, stack(0x0000700005e21000,0x0000700005f21000)]
  0x00007f7f450d2800 JavaThread "Cache worker for Build Output Cleanup Cache (/Users/zhengjiangrong/Documents/GitHub/weexplus/platforms/android/weexplus/.gradle/buildOutputCleanup)" [_thread_blocked, id=27907, stack(0x0000700005d1e000,0x0000700005e1e000)]
  0x00007f7f45105000 JavaThread "Cache worker for task history cache (/Users/zhengjiangrong/Documents/GitHub/weexplus/platforms/android/weexplus/.gradle/4.6/taskHistory)" [_thread_blocked, id=27651, stack(0x0000700005c1b000,0x0000700005d1b000)]
  0x00007f7f499e8000 JavaThread "Cache worker for file content cache (/Users/zhengjiangrong/Documents/GitHub/weexplus/platforms/android/weexplus/.gradle/4.6/fileContent)" [_thread_blocked, id=4103, stack(0x0000700005b18000,0x0000700005c18000)]
  0x00007f7f47fd1800 JavaThread "Memory manager" [_thread_blocked, id=38403, stack(0x0000700005a15000,0x0000700005b15000)]
  0x00007f7f45751800 JavaThread "pool-1-thread-1" [_thread_blocked, id=27139, stack(0x0000700005912000,0x0000700005a12000)]
  0x00007f7f499ec000 JavaThread "Build operations Thread 8" [_thread_blocked, id=38915, stack(0x000070000580f000,0x000070000590f000)]
  0x00007f7f4ab43800 JavaThread "Build operations Thread 7" [_thread_blocked, id=39171, stack(0x000070000570c000,0x000070000580c000)]
  0x00007f7f4ae56800 JavaThread "Build operations Thread 6" [_thread_blocked, id=26371, stack(0x0000700005609000,0x0000700005709000)]
  0x00007f7f4a0fc800 JavaThread "Build operations Thread 5" [_thread_blocked, id=39683, stack(0x0000700005506000,0x0000700005606000)]
  0x00007f7f47c93800 JavaThread "Build operations Thread 4" [_thread_blocked, id=26115, stack(0x0000700005403000,0x0000700005503000)]
  0x00007f7f499eb800 JavaThread "Build operations Thread 3" [_thread_blocked, id=25859, stack(0x0000700005300000,0x0000700005400000)]
  0x00007f7f499ea000 JavaThread "Build operations Thread 2" [_thread_blocked, id=25347, stack(0x00007000051fd000,0x00007000052fd000)]
  0x00007f7f45761000 JavaThread "Build operations" [_thread_blocked, id=25091, stack(0x00007000050fa000,0x00007000051fa000)]
  0x00007f7f4716e000 JavaThread "Cache worker for Artifact transforms cache (/Users/zhengjiangrong/.gradle/caches/transforms-1)" [_thread_blocked, id=40707, stack(0x0000700004ff7000,0x00007000050f7000)]
  0x00007f7f47c55800 JavaThread "Cache worker for file hash cache (/Users/zhengjiangrong/Documents/GitHub/weexplus/platforms/android/weexplus/.gradle/4.6/fileHashes)" [_thread_blocked, id=24323, stack(0x0000700004ef4000,0x0000700004ff4000)]
  0x00007f7f47c54800 JavaThread "File lock request listener" [_thread_in_native, id=24067, stack(0x0000700004df1000,0x0000700004ef1000)]
  0x00007f7f47c4a000 JavaThread "Cache worker for file hash cache (/Users/zhengjiangrong/.gradle/caches/4.6/fileHashes)" [_thread_blocked, id=23555, stack(0x0000700004cee000,0x0000700004dee000)]
  0x00007f7f45692800 JavaThread "Stdin handler" [_thread_blocked, id=41475, stack(0x0000700004beb000,0x0000700004ceb000)]
  0x00007f7f45692000 JavaThread "Asynchronous log dispatcher for DefaultDaemonConnection: socket connection from /127.0.0.1:55650 to /127.0.0.1:55651" [_thread_blocked, id=41987, stack(0x0000700004ae8000,0x0000700004be8000)]
  0x00007f7f462fd000 JavaThread "Daemon worker" [_thread_blocked, id=23043, stack(0x00007000049e5000,0x0000700004ae5000)]
  0x00007f7f483be000 JavaThread "Cancel handler" [_thread_blocked, id=42499, stack(0x00007000048e2000,0x00007000049e2000)]
  0x00007f7f458f5000 JavaThread "Handler for socket connection from /127.0.0.1:55650 to /127.0.0.1:55651" [_thread_in_native, id=22787, stack(0x00007000047df000,0x00007000048df000)]
  0x00007f7f47bc4800 JavaThread "Daemon" [_thread_blocked, id=22531, stack(0x00007000046dc000,0x00007000047dc000)]
  0x00007f7f462f2000 JavaThread "Daemon periodic checks" [_thread_blocked, id=22019, stack(0x00007000045d9000,0x00007000046d9000)]
  0x00007f7f462d8000 JavaThread "Incoming local TCP Connector on port 55650" [_thread_in_native, id=21763, stack(0x00007000044d6000,0x00007000045d6000)]
  0x00007f7f48023000 JavaThread "Service Thread" daemon [_thread_blocked, id=16899, stack(0x00007000042d0000,0x00007000043d0000)]
  0x00007f7f48800000 JavaThread "C1 CompilerThread3" daemon [_thread_blocked, id=17155, stack(0x00007000041cd000,0x00007000042cd000)]
  0x00007f7f4801a000 JavaThread "C2 CompilerThread2" daemon [_thread_in_native, id=15619, stack(0x00007000040ca000,0x00007000041ca000)]
  0x00007f7f45040000 JavaThread "C2 CompilerThread1" daemon [_thread_in_native, id=15107, stack(0x0000700003fc7000,0x00007000040c7000)]
  0x00007f7f47003000 JavaThread "C2 CompilerThread0" daemon [_thread_blocked, id=17667, stack(0x0000700003ec4000,0x0000700003fc4000)]
  0x00007f7f45803800 JavaThread "Signal Dispatcher" daemon [_thread_blocked, id=17923, stack(0x0000700003dc1000,0x0000700003ec1000)]
  0x00007f7f4505e800 JavaThread "Finalizer" daemon [_thread_blocked, id=13315, stack(0x0000700003cbe000,0x0000700003dbe000)]
  0x00007f7f4505c000 JavaThread "Reference Handler" daemon [_thread_blocked, id=13059, stack(0x0000700003bbb000,0x0000700003cbb000)]
  0x00007f7f45002800 JavaThread "main" [_thread_blocked, id=6147, stack(0x000070000319d000,0x000070000329d000)]

Other Threads:
  0x00007f7f4505b800 VMThread [stack: 0x0000700003ab8000,0x0000700003bb8000] [id=20227]
  0x00007f7f48023800 WatcherThread [stack: 0x00007000043d3000,0x00007000044d3000] [id=16387]

=>0x00007f7f45018800 (exited) GCTaskThread [stack: 0x00007000035a9000,0x00007000036a9000] [id=11267]

VM state:at safepoint (normal execution)

VM Mutex/Monitor currently owned by a thread:  ([mutex/lock_event])
[0x00007f7f46b01850] Threads_lock - owner thread: 0x00007f7f4505b800
[0x00007f7f46b01d50] Heap_lock - owner thread: 0x00007f7f462fd000

Heap:
 PSYoungGen      total 440832K, used 440823K [0x0000000755580000, 0x000000077a400000, 0x00000007c0000000)
  eden space 403456K, 100% used [0x0000000755580000,0x000000076df80000,0x000000076df80000)
  from space 37376K, 99% used [0x000000076df80000,0x00000007703fdf40,0x0000000770400000)
  to   space 69120K, 99% used [0x0000000776080000,0x000000077a3ff008,0x000000077a400000)
 ParOldGen       total 269824K, used 162884K [0x0000000680000000, 0x0000000690780000, 0x0000000755580000)
  object space 269824K, 60% used [0x0000000680000000,0x0000000689f13020,0x0000000690780000)
 Metaspace       used 79432K, capacity 83718K, committed 83732K, reserved 1122304K
  class space    used 10598K, capacity 11540K, committed 11540K, reserved 1048576K

Card table byte_map: [0x0000000120234000,0x0000000120c35000] byte_map_base: 0x000000011ce34000

Marking Bits: (ParMarkBitMap*) 0x0000000110c048f8
 Begin Bits: [0x00000001212e0000, 0x00000001262e0000)
 End Bits:   [0x00000001262e0000, 0x000000012b2e0000)

Polling page: 0x000000010ee57000

CodeCache: size=245760Kb used=37086Kb max_used=37108Kb free=208673Kb
 bounds [0x0000000110e74000, 0x00000001132e4000, 0x000000011fe74000]
 total_blobs=12592 nmethods=11764 adapters=740
 compilation: enabled

Compilation events (10 events):
Event: 11.145 Thread 0x00007f7f47003000 nmethod 13724 0x0000000112a30d10 code [0x0000000112a30ee0, 0x0000000112a31948]
Event: 11.145 Thread 0x00007f7f47003000 13753 %     4       com.android.tools.r8.org.objectweb.asm.ClassReader::accept @ 1246 (1273 bytes)
Event: 11.148 Thread 0x00007f7f48800000 13754       3       java.util.IdentityHashMap$IdentityHashMapIterator::hasNext (50 bytes)
Event: 11.148 Thread 0x00007f7f48800000 nmethod 13754 0x0000000112ad5150 code [0x0000000112ad52c0, 0x0000000112ad5550]
Event: 11.192 Thread 0x00007f7f47003000 nmethod 13753% 0x0000000112b806d0 code [0x0000000112b80a60, 0x0000000112b82a90]
Event: 11.192 Thread 0x00007f7f47003000 13529 %     4       com.android.tools.r8.graph.DexString::isValidClassDescriptor @ 64 (107 bytes)
Event: 11.195 Thread 0x00007f7f47003000 nmethod 13529% 0x0000000112a32490 code [0x0000000112a32600, 0x0000000112a32a78]
Event: 11.195 Thread 0x00007f7f47003000 13510       4       com.android.tools.r8.graph.JarClassFileReader$CreateMethodVisitor::<init> (197 bytes)
Event: 11.263 Thread 0x00007f7f47003000 nmethod 13510 0x00000001132dde90 code [0x00000001132de260, 0x00000001132e0fa0]
Event: 11.263 Thread 0x00007f7f47003000 13497 %     4       com.android.tools.r8.graph.DexString::isValidFieldName @ 51 (87 bytes)

GC Heap History (10 events):
Event: 4.516 GC heap after
Heap after GC invocations=8 (full 2):
 PSYoungGen      total 302592K, used 12271K [0x0000000755580000, 0x000000076ee00000, 0x00000007c0000000)
  eden space 290304K, 0% used [0x0000000755580000,0x0000000755580000,0x0000000767100000)
  from space 12288K, 99% used [0x0000000768400000,0x0000000768ffbc98,0x0000000769000000)
  to   space 19456K, 0% used [0x0000000767100000,0x0000000767100000,0x0000000768400000)
 ParOldGen       total 165888K, used 27600K [0x0000000680000000, 0x000000068a200000, 0x0000000755580000)
  object space 165888K, 16% used [0x0000000680000000,0x0000000681af4290,0x000000068a200000)
 Metaspace       used 47795K, capacity 48916K, committed 49024K, reserved 1091584K
  class space    used 6422K, capacity 6757K, committed 6784K, reserved 1048576K
}
Event: 5.911 GC heap before
{Heap before GC invocations=9 (full 2):
 PSYoungGen      total 302592K, used 218840K [0x0000000755580000, 0x000000076ee00000, 0x00000007c0000000)
  eden space 290304K, 71% used [0x0000000755580000,0x0000000761f3a5f8,0x0000000767100000)
  from space 12288K, 99% used [0x0000000768400000,0x0000000768ffbc98,0x0000000769000000)
  to   space 19456K, 0% used [0x0000000767100000,0x0000000767100000,0x0000000768400000)
 ParOldGen       total 165888K, used 27600K [0x0000000680000000, 0x000000068a200000, 0x0000000755580000)
  object space 165888K, 16% used [0x0000000680000000,0x0000000681af4290,0x000000068a200000)
 Metaspace       used 56392K, capacity 58904K, committed 59028K, reserved 1099776K
  class space    used 7685K, capacity 8333K, committed 8340K, reserved 1048576K
Event: 5.935 GC heap after
Heap after GC invocations=9 (full 2):
 PSYoungGen      total 309760K, used 19451K [0x0000000755580000, 0x0000000772880000, 0x00000007c0000000)
  eden space 290304K, 0% used [0x0000000755580000,0x0000000755580000,0x0000000767100000)
  from space 19456K, 99% used [0x0000000767100000,0x00000007683feed8,0x0000000768400000)
  to   space 29696K, 0% used [0x0000000770b80000,0x0000000770b80000,0x0000000772880000)
 ParOldGen       total 165888K, used 43225K [0x0000000680000000, 0x000000068a200000, 0x0000000755580000)
  object space 165888K, 26% used [0x0000000680000000,0x0000000682a366b8,0x000000068a200000)
 Metaspace       used 56392K, capacity 58904K, committed 59028K, reserved 1099776K
  class space    used 7685K, capacity 8333K, committed 8340K, reserved 1048576K
}
Event: 5.935 GC heap before
{Heap before GC invocations=10 (full 3):
 PSYoungGen      total 309760K, used 19451K [0x0000000755580000, 0x0000000772880000, 0x00000007c0000000)
  eden space 290304K, 0% used [0x0000000755580000,0x0000000755580000,0x0000000767100000)
  from space 19456K, 99% used [0x0000000767100000,0x00000007683feed8,0x0000000768400000)
  to   space 29696K, 0% used [0x0000000770b80000,0x0000000770b80000,0x0000000772880000)
 ParOldGen       total 165888K, used 43225K [0x0000000680000000, 0x000000068a200000, 0x0000000755580000)
  object space 165888K, 26% used [0x0000000680000000,0x0000000682a366b8,0x000000068a200000)
 Metaspace       used 56392K, capacity 58904K, committed 59028K, reserved 1099776K
  class space    used 7685K, capacity 8333K, committed 8340K, reserved 1048576K
Event: 6.125 GC heap after
Heap after GC invocations=10 (full 3):
 PSYoungGen      total 309760K, used 0K [0x0000000755580000, 0x0000000772880000, 0x00000007c0000000)
  eden space 290304K, 0% used [0x0000000755580000,0x0000000755580000,0x0000000767100000)
  from space 19456K, 0% used [0x0000000767100000,0x0000000767100000,0x0000000768400000)
  to   space 29696K, 0% used [0x0000000770b80000,0x0000000770b80000,0x0000000772880000)
 ParOldGen       total 269824K, used 48787K [0x0000000680000000, 0x0000000690780000, 0x0000000755580000)
  object space 269824K, 18% used [0x0000000680000000,0x0000000682fa4ec0,0x0000000690780000)
 Metaspace       used 56392K, capacity 58904K, committed 59028K, reserved 1099776K
  class space    used 7685K, capacity 8333K, committed 8340K, reserved 1048576K
}
Event: 7.926 GC heap before
{Heap before GC invocations=11 (full 3):
 PSYoungGen      total 309760K, used 290304K [0x0000000755580000, 0x0000000772880000, 0x00000007c0000000)
  eden space 290304K, 100% used [0x0000000755580000,0x0000000767100000,0x0000000767100000)
  from space 19456K, 0% used [0x0000000767100000,0x0000000767100000,0x0000000768400000)
  to   space 29696K, 0% used [0x0000000770b80000,0x0000000770b80000,0x0000000772880000)
 ParOldGen       total 269824K, used 48787K [0x0000000680000000, 0x0000000690780000, 0x0000000755580000)
  object space 269824K, 18% used [0x0000000680000000,0x0000000682fa4ec0,0x0000000690780000)
 Metaspace       used 64790K, capacity 67600K, committed 67860K, reserved 1107968K
  class space    used 8719K, capacity 9429K, committed 9492K, reserved 1048576K
Event: 7.958 GC heap after
Heap after GC invocations=11 (full 3):
 PSYoungGen      total 415232K, used 29687K [0x0000000755580000, 0x0000000772880000, 0x00000007c0000000)
  eden space 385536K, 0% used [0x0000000755580000,0x0000000755580000,0x000000076ce00000)
  from space 29696K, 99% used [0x0000000770b80000,0x000000077287df70,0x0000000772880000)
  to   space 37376K, 0% used [0x000000076df80000,0x000000076df80000,0x0000000770400000)
 ParOldGen       total 269824K, used 55418K [0x0000000680000000, 0x0000000690780000, 0x0000000755580000)
  object space 269824K, 20% used [0x0000000680000000,0x000000068361e990,0x0000000690780000)
 Metaspace       used 64790K, capacity 67600K, committed 67860K, reserved 1107968K
  class space    used 8719K, capacity 9429K, committed 9492K, reserved 1048576K
}
Event: 10.564 GC heap before
{Heap before GC invocations=12 (full 3):
 PSYoungGen      total 415232K, used 415223K [0x0000000755580000, 0x0000000772880000, 0x00000007c0000000)
  eden space 385536K, 100% used [0x0000000755580000,0x000000076ce00000,0x000000076ce00000)
  from space 29696K, 99% used [0x0000000770b80000,0x000000077287df70,0x0000000772880000)
  to   space 37376K, 0% used [0x000000076df80000,0x000000076df80000,0x0000000770400000)
 ParOldGen       total 269824K, used 55418K [0x0000000680000000, 0x0000000690780000, 0x0000000755580000)
  object space 269824K, 20% used [0x0000000680000000,0x000000068361e990,0x0000000690780000)
 Metaspace       used 79146K, capacity 83426K, committed 83732K, reserved 1122304K
  class space    used 10578K, capacity 11498K, committed 11540K, reserved 1048576K
Event: 10.627 GC heap after
Heap after GC invocations=12 (full 3):
 PSYoungGen      total 440832K, used 37367K [0x0000000755580000, 0x000000077a400000, 0x00000007c0000000)
  eden space 403456K, 0% used [0x0000000755580000,0x0000000755580000,0x000000076df80000)
  from space 37376K, 99% used [0x000000076df80000,0x00000007703fdf40,0x0000000770400000)
  to   space 69120K, 0% used [0x0000000776080000,0x0000000776080000,0x000000077a400000)
 ParOldGen       total 269824K, used 120108K [0x0000000680000000, 0x0000000690780000, 0x0000000755580000)
  object space 269824K, 44% used [0x0000000680000000,0x000000068754b3e0,0x0000000690780000)
 Metaspace       used 79146K, capacity 83426K, committed 83732K, reserved 1122304K
  class space    used 10578K, capacity 11498K, committed 11540K, reserved 1048576K
}
Event: 11.268 GC heap before
{Heap before GC invocations=13 (full 3):
 PSYoungGen      total 440832K, used 440823K [0x0000000755580000, 0x000000077a400000, 0x00000007c0000000)
  eden space 403456K, 100% used [0x0000000755580000,0x000000076df80000,0x000000076df80000)
  from space 37376K, 99% used [0x000000076df80000,0x00000007703fdf40,0x0000000770400000)
  to   space 69120K, 0% used [0x0000000776080000,0x0000000776080000,0x000000077a400000)
 ParOldGen       total 269824K, used 120108K [0x0000000680000000, 0x0000000690780000, 0x0000000755580000)
  object space 269824K, 44% used [0x0000000680000000,0x000000068754b3e0,0x0000000690780000)
 Metaspace       used 79432K, capacity 83718K, committed 83732K, reserved 1122304K
  class space    used 10598K, capacity 11540K, committed 11540K, reserved 1048576K

Deoptimization events (10 events):
Event: 10.746 Thread 0x00007f7f4bc44000 Uncommon trap: reason=unstable_if action=reinterpret pc=0x0000000111fbf77c method=java.util.concurrent.ConcurrentHashMap.putVal(Ljava/lang/Object;Ljava/lang/Object;Z)Ljava/lang/Object; @ 113
Event: 10.746 Thread 0x00007f7f4bc44000 Uncommon trap: reason=unstable_if action=reinterpret pc=0x000000011126b1a4 method=java.util.concurrent.ConcurrentHashMap.addCount(JI)V @ 168
Event: 10.746 Thread 0x00007f7f4b6cf800 Uncommon trap: reason=unstable_if action=reinterpret pc=0x000000011127e9bc method=java.util.concurrent.ConcurrentHashMap.transfer([Ljava/util/concurrent/ConcurrentHashMap$Node;[Ljava/util/concurrent/ConcurrentHashMap$Node;)V @ 351
Event: 10.750 Thread 0x00007f7f4bc44800 Uncommon trap: reason=unstable_if action=reinterpret pc=0x0000000111278c34 method=java.util.concurrent.ConcurrentHashMap.transfer([Ljava/util/concurrent/ConcurrentHashMap$Node;[Ljava/util/concurrent/ConcurrentHashMap$Node;)V @ 277
Event: 10.814 Thread 0x00007f7f47c44000 Uncommon trap: reason=unstable_if action=reinterpret pc=0x00000001132aacf8 method=com.android.tools.r8.graph.DexString.countBytes(Ljava/lang/String;)I @ 19
Event: 10.830 Thread 0x00007f7f47c44000 Uncommon trap: reason=unstable_if action=reinterpret pc=0x00000001131b5a3c method=com.android.tools.r8.graph.JarApplicationReader.getArgumentTypeDescriptors(Ljava/lang/String;)[Ljava/lang/String; @ 179
Event: 10.842 Thread 0x00007f7f4b6d0000 Uncommon trap: reason=unstable_if action=reinterpret pc=0x0000000112a295d0 method=java.util.concurrent.ConcurrentHashMap.putVal(Ljava/lang/Object;Ljava/lang/Object;Z)Ljava/lang/Object; @ 195
Event: 10.844 Thread 0x00007f7f4bc44000 Uncommon trap: reason=unstable_if action=reinterpret pc=0x00000001132b11a4 method=java.util.concurrent.ConcurrentHashMap.computeIfAbsent(Ljava/lang/Object;Ljava/util/function/Function;)Ljava/lang/Object; @ 281
Event: 10.939 Thread 0x00007f7f4bc44000 Uncommon trap: reason=unstable_if action=reinterpret pc=0x00000001132a812c method=com.android.tools.r8.utils.IdentifierUtils.isSimpleNameChar(I)Z @ 45
Event: 11.018 Thread 0x00007f7f462fd000 Uncommon trap: reason=unstable_if action=reinterpret pc=0x00000001127e68f0 method=java.util.Arrays.equals([B[B)Z @ 2

Classes redefined (0 events):
No events

Internal exceptions (10 events):
Event: 9.307 Thread 0x00007f7f47bf2000 Exception <a 'sun/nio/fs/UnixException'> (0x000000075dc8f780) thrown at [/Volumes/android/AOSP-openjdk-git/jdk8u/hotspot/src/share/vm/prims/jni.cpp, line 709]
Event: 9.664 Thread 0x00007f7f462fd000 Exception <a 'sun/nio/fs/UnixException'> (0x00000007606b2600) thrown at [/Volumes/android/AOSP-openjdk-git/jdk8u/hotspot/src/share/vm/prims/jni.cpp, line 709]
Event: 9.675 Thread 0x00007f7f4bc44000 Exception <a 'java/lang/NoSuchMethodError': java.lang.Object.lambda$and$0(Ljava/util/function/Predicate;Ljava/lang/Object;)Z> (0x0000000760e67930) thrown at [/Volumes/android/AOSP-openjdk-git/jdk8u/hotspot/src/share/vm/interpreter/linkResolver.cpp, line 5
Event: 9.675 Thread 0x00007f7f4b6d0000 Exception <a 'java/lang/NoSuchMethodError': java.lang.Object.lambda$and$0(Ljava/util/function/Predicate;Ljava/lang/Object;)Z> (0x0000000760f72a70) thrown at [/Volumes/android/AOSP-openjdk-git/jdk8u/hotspot/src/share/vm/interpreter/linkResolver.cpp, line 5
Event: 9.675 Thread 0x00007f7f4bc44800 Exception <a 'java/lang/NoSuchMethodError': java.lang.Object.lambda$and$0(Ljava/util/function/Predicate;Ljava/lang/Object;)Z> (0x0000000760ee6ee8) thrown at [/Volumes/android/AOSP-openjdk-git/jdk8u/hotspot/src/share/vm/interpreter/linkResolver.cpp, line 5
Event: 9.675 Thread 0x00007f7f47c44000 Exception <a 'java/lang/NoSuchMethodError': java.lang.Object.lambda$and$0(Ljava/util/function/Predicate;Ljava/lang/Object;)Z> (0x0000000760ff60f8) thrown at [/Volumes/android/AOSP-openjdk-git/jdk8u/hotspot/src/share/vm/interpreter/linkResolver.cpp, line 5
Event: 9.678 Thread 0x00007f7f4bc44000 Exception <a 'java/lang/NoSuchMethodError': java.lang.Object.lambda$static$0(Ljava/lang/String;)Z> (0x0000000760e736e0) thrown at [/Volumes/android/AOSP-openjdk-git/jdk8u/hotspot/src/share/vm/interpreter/linkResolver.cpp, line 584]
Event: 9.892 Thread 0x00007f7f47bf2000 Exception <a 'java/lang/NoSuchMethodError': java.lang.Object.lambda$comparingInt$7b0bb60$1(Ljava/util/function/ToIntFunction;Ljava/lang/Object;Ljava/lang/Object;)I> (0x0000000762640f00) thrown at [/Volumes/android/AOSP-openjdk-git/jdk8u/hotspot/src/share/
Event: 9.892 Thread 0x00007f7f4b6cf800 Exception <a 'java/lang/NoSuchMethodError': java.lang.Object.lambda$comparingInt$7b0bb60$1(Ljava/util/function/ToIntFunction;Ljava/lang/Object;Ljava/lang/Object;)I> (0x0000000762576840) thrown at [/Volumes/android/AOSP-openjdk-git/jdk8u/hotspot/src/share/
Event: 9.892 Thread 0x00007f7f4c3dd800 Exception <a 'java/lang/NoSuchMethodError': java.lang.Object.lambda$comparingInt$7b0bb60$1(Ljava/util/function/ToIntFunction;Ljava/lang/Object;Ljava/lang/Object;)I> (0x0000000762431c20) thrown at [/Volumes/android/AOSP-openjdk-git/jdk8u/hotspot/src/share/

Events (10 events):
Event: 11.031 loading class com/android/tools/r8/com/google/common/io/Closer done
Event: 11.031 loading class com/android/tools/r8/com/google/common/io/Closer$Suppressor
Event: 11.031 loading class com/android/tools/r8/com/google/common/io/Closer$Suppressor done
Event: 11.032 loading class com/android/tools/r8/com/google/common/io/Closer$SuppressingSuppressor
Event: 11.032 loading class com/android/tools/r8/com/google/common/io/Closer$SuppressingSuppressor done
Event: 11.205 Thread 0x00007f7f462fd000 DEOPT PACKING pc=0x000000011288b9d8 sp=0x0000700004adf960
Event: 11.205 Thread 0x00007f7f462fd000 DEOPT UNPACKING pc=0x0000000110ebb4c4 sp=0x0000700004adf6e8 mode 0
Event: 11.246 Thread 0x00007f7f462fd000 DEOPT PACKING pc=0x000000011288b9d8 sp=0x0000700004adf960
Event: 11.246 Thread 0x00007f7f462fd000 DEOPT UNPACKING pc=0x0000000110ebb4c4 sp=0x0000700004adf6e8 mode 0
Event: 11.267 Executing VM operation: ParallelGCFailedAllocation


Dynamic libraries:
0x0000000012918000 	/System/Library/Frameworks/Cocoa.framework/Versions/A/Cocoa
0x0000000012918000 	/System/Library/Frameworks/Security.framework/Versions/A/Security
0x0000000012918000 	/System/Library/Frameworks/ApplicationServices.framework/Versions/A/ApplicationServices
0x0000000012918000 	/usr/lib/libz.1.dylib
0x0000000012918000 	/usr/lib/libSystem.B.dylib
0x0000000012918000 	/System/Library/Frameworks/CoreFoundation.framework/Versions/A/CoreFoundation
0x0000000012918000 	/System/Library/Frameworks/Foundation.framework/Versions/C/Foundation
0x0000000012918000 	/usr/lib/libobjc.A.dylib
0x0000000012918000 	/System/Library/Frameworks/AppKit.framework/Versions/C/AppKit
0x0000000012918000 	/System/Library/Frameworks/CoreData.framework/Versions/A/CoreData
0x0000000012918000 	/System/Library/PrivateFrameworks/RemoteViewServices.framework/Versions/A/RemoteViewServices
0x0000000012918000 	/System/Library/PrivateFrameworks/UIFoundation.framework/Versions/A/UIFoundation
0x0000000012918000 	/System/Library/PrivateFrameworks/XCTTargetBootstrap.framework/Versions/A/XCTTargetBootstrap
0x0000000012918000 	/System/Library/PrivateFrameworks/IconServices.framework/Versions/A/IconServices
0x0000000012918000 	/System/Library/Frameworks/Metal.framework/Versions/A/Metal
0x0000000012918000 	/System/Library/PrivateFrameworks/DesktopServicesPriv.framework/Versions/A/DesktopServicesPriv
0x0000000012918000 	/usr/lib/libenergytrace.dylib
0x0000000012918000 	/System/Library/PrivateFrameworks/SkyLight.framework/Versions/A/SkyLight
0x0000000012918000 	/System/Library/Frameworks/CoreGraphics.framework/Versions/A/CoreGraphics
0x0000000012918000 	/System/Library/Frameworks/Accelerate.framework/Versions/A/Accelerate
0x0000000012918000 	/System/Library/Frameworks/IOSurface.framework/Versions/A/IOSurface
0x0000000012918000 	/System/Library/PrivateFrameworks/DFRFoundation.framework/Versions/A/DFRFoundation
0x0000000012918000 	/System/Library/Frameworks/AudioToolbox.framework/Versions/A/AudioToolbox
0x0000000012918000 	/System/Library/Frameworks/AudioUnit.framework/Versions/A/AudioUnit
0x0000000012918000 	/System/Library/PrivateFrameworks/DataDetectorsCore.framework/Versions/A/DataDetectorsCore
0x0000000012918000 	/System/Library/Frameworks/Carbon.framework/Versions/A/Frameworks/HIToolbox.framework/Versions/A/HIToolbox
0x0000000012918000 	/usr/lib/libicucore.A.dylib
0x0000000012918000 	/System/Library/Frameworks/QuartzCore.framework/Versions/A/QuartzCore
0x0000000012918000 	/System/Library/Frameworks/Carbon.framework/Versions/A/Frameworks/SpeechRecognition.framework/Versions/A/SpeechRecognition
0x0000000012918000 	/usr/lib/libauto.dylib
0x0000000012918000 	/usr/lib/libxml2.2.dylib
0x0000000012918000 	/System/Library/PrivateFrameworks/CoreUI.framework/Versions/A/CoreUI
0x0000000012918000 	/System/Library/Frameworks/CoreAudio.framework/Versions/A/CoreAudio
0x0000000012918000 	/System/Library/Frameworks/DiskArbitration.framework/Versions/A/DiskArbitration
0x0000000012918000 	/usr/lib/liblangid.dylib
0x0000000012918000 	/System/Library/PrivateFrameworks/MultitouchSupport.framework/Versions/A/MultitouchSupport
0x0000000012918000 	/System/Library/Frameworks/IOKit.framework/Versions/A/IOKit
0x0000000012918000 	/usr/lib/libDiagnosticMessagesClient.dylib
0x0000000012918000 	/System/Library/Frameworks/CoreServices.framework/Versions/A/CoreServices
0x0000000012918000 	/System/Library/PrivateFrameworks/PerformanceAnalysis.framework/Versions/A/PerformanceAnalysis
0x0000000012918000 	/System/Library/Frameworks/OpenGL.framework/Versions/A/OpenGL
0x0000000012918000 	/System/Library/Frameworks/ColorSync.framework/Versions/A/ColorSync
0x0000000012918000 	/System/Library/Frameworks/CoreImage.framework/Versions/A/CoreImage
0x0000000012918000 	/System/Library/Frameworks/CoreText.framework/Versions/A/CoreText
0x0000000012918000 	/System/Library/Frameworks/ImageIO.framework/Versions/A/ImageIO
0x0000000012918000 	/System/Library/PrivateFrameworks/Backup.framework/Versions/A/Backup
0x0000000012918000 	/usr/lib/libarchive.2.dylib
0x0000000012918000 	/System/Library/Frameworks/CFNetwork.framework/Versions/A/CFNetwork
0x0000000012918000 	/System/Library/Frameworks/SystemConfiguration.framework/Versions/A/SystemConfiguration
0x0000000012918000 	/usr/lib/libCRFSuite.dylib
0x0000000012918000 	/usr/lib/libc++.1.dylib
0x0000000012918000 	/usr/lib/libc++abi.dylib
0x0000000012918000 	/usr/lib/system/libcache.dylib
0x0000000012918000 	/usr/lib/system/libcommonCrypto.dylib
0x0000000012918000 	/usr/lib/system/libcompiler_rt.dylib
0x0000000012918000 	/usr/lib/system/libcopyfile.dylib
0x0000000012918000 	/usr/lib/system/libcorecrypto.dylib
0x0000000012918000 	/usr/lib/system/libdispatch.dylib
0x0000000012918000 	/usr/lib/system/libdyld.dylib
0x0000000012918000 	/usr/lib/system/libkeymgr.dylib
0x0000000012918000 	/usr/lib/system/liblaunch.dylib
0x0000000012918000 	/usr/lib/system/libmacho.dylib
0x0000000012918000 	/usr/lib/system/libquarantine.dylib
0x0000000012918000 	/usr/lib/system/libremovefile.dylib
0x0000000012918000 	/usr/lib/system/libsystem_asl.dylib
0x0000000012918000 	/usr/lib/system/libsystem_blocks.dylib
0x0000000012918000 	/usr/lib/system/libsystem_c.dylib
0x0000000012918000 	/usr/lib/system/libsystem_configuration.dylib
0x0000000012918000 	/usr/lib/system/libsystem_coreservices.dylib
0x0000000012918000 	/usr/lib/system/libsystem_darwin.dylib
0x0000000012918000 	/usr/lib/system/libsystem_dnssd.dylib
0x0000000012918000 	/usr/lib/system/libsystem_info.dylib
0x0000000012918000 	/usr/lib/system/libsystem_m.dylib
0x0000000012918000 	/usr/lib/system/libsystem_malloc.dylib
0x0000000012918000 	/usr/lib/system/libsystem_networkextension.dylib
0x0000000012918000 	/usr/lib/system/libsystem_notify.dylib
0x0000000012918000 	/usr/lib/system/libsystem_sandbox.dylib
0x0000000012918000 	/usr/lib/system/libsystem_secinit.dylib
0x0000000012918000 	/usr/lib/system/libsystem_kernel.dylib
0x0000000012918000 	/usr/lib/system/libsystem_platform.dylib
0x0000000012918000 	/usr/lib/system/libsystem_pthread.dylib
0x0000000012918000 	/usr/lib/system/libsystem_symptoms.dylib
0x0000000012918000 	/usr/lib/system/libsystem_trace.dylib
0x0000000012918000 	/usr/lib/system/libunwind.dylib
0x0000000012918000 	/usr/lib/system/libxpc.dylib
0x0000000012918000 	/usr/lib/libbsm.0.dylib
0x0000000012918000 	/usr/lib/system/libkxld.dylib
0x0000000012918000 	/System/Library/PrivateFrameworks/AppleFSCompression.framework/Versions/A/AppleFSCompression
0x0000000012918000 	/usr/lib/libOpenScriptingUtil.dylib
0x0000000012918000 	/usr/lib/libcoretls.dylib
0x0000000012918000 	/usr/lib/libcoretls_cfhelpers.dylib
0x0000000012918000 	/usr/lib/libpam.2.dylib
0x0000000012918000 	/usr/lib/libsqlite3.dylib
0x0000000012918000 	/usr/lib/libxar.1.dylib
0x0000000012918000 	/usr/lib/libbz2.1.0.dylib
0x0000000012918000 	/usr/lib/liblzma.5.dylib
0x0000000012918000 	/usr/lib/libnetwork.dylib
0x0000000012918000 	/usr/lib/libapple_nghttp2.dylib
0x0000000012918000 	/usr/lib/libpcap.A.dylib
0x0000000012918000 	/System/Library/Frameworks/CoreServices.framework/Versions/A/Frameworks/FSEvents.framework/Versions/A/FSEvents
0x0000000012918000 	/System/Library/Frameworks/CoreServices.framework/Versions/A/Frameworks/CarbonCore.framework/Versions/A/CarbonCore
0x0000000012918000 	/System/Library/Frameworks/CoreServices.framework/Versions/A/Frameworks/Metadata.framework/Versions/A/Metadata
0x0000000012918000 	/System/Library/Frameworks/CoreServices.framework/Versions/A/Frameworks/OSServices.framework/Versions/A/OSServices
0x0000000012918000 	/System/Library/Frameworks/CoreServices.framework/Versions/A/Frameworks/SearchKit.framework/Versions/A/SearchKit
0x0000000012918000 	/System/Library/Frameworks/CoreServices.framework/Versions/A/Frameworks/AE.framework/Versions/A/AE
0x0000000012918000 	/System/Library/Frameworks/CoreServices.framework/Versions/A/Frameworks/LaunchServices.framework/Versions/A/LaunchServices
0x0000000012918000 	/System/Library/Frameworks/CoreServices.framework/Versions/A/Frameworks/DictionaryServices.framework/Versions/A/DictionaryServices
0x0000000012918000 	/System/Library/Frameworks/CoreServices.framework/Versions/A/Frameworks/SharedFileList.framework/Versions/A/SharedFileList
0x0000000012918000 	/System/Library/Frameworks/NetFS.framework/Versions/A/NetFS
0x0000000012918000 	/System/Library/PrivateFrameworks/NetAuth.framework/Versions/A/NetAuth
0x0000000012918000 	/System/Library/PrivateFrameworks/login.framework/Versions/A/Frameworks/loginsupport.framework/Versions/A/loginsupport
0x0000000012918000 	/System/Library/PrivateFrameworks/TCC.framework/Versions/A/TCC
0x0000000012918000 	/System/Library/PrivateFrameworks/CoreNLP.framework/Versions/A/CoreNLP
0x0000000012918000 	/System/Library/PrivateFrameworks/MetadataUtilities.framework/Versions/A/MetadataUtilities
0x0000000012918000 	/usr/lib/libmecabra.dylib
0x0000000012918000 	/System/Library/Frameworks/ApplicationServices.framework/Versions/A/Frameworks/ATS.framework/Versions/A/ATS
0x0000000012918000 	/System/Library/Frameworks/ApplicationServices.framework/Versions/A/Frameworks/ColorSyncLegacy.framework/Versions/A/ColorSyncLegacy
0x0000000012918000 	/System/Library/Frameworks/ApplicationServices.framework/Versions/A/Frameworks/HIServices.framework/Versions/A/HIServices
0x0000000012918000 	/System/Library/Frameworks/ApplicationServices.framework/Versions/A/Frameworks/LangAnalysis.framework/Versions/A/LangAnalysis
0x0000000012918000 	/System/Library/Frameworks/ApplicationServices.framework/Versions/A/Frameworks/PrintCore.framework/Versions/A/PrintCore
0x0000000012918000 	/System/Library/Frameworks/ApplicationServices.framework/Versions/A/Frameworks/QD.framework/Versions/A/QD
0x0000000012918000 	/System/Library/Frameworks/ApplicationServices.framework/Versions/A/Frameworks/SpeechSynthesis.framework/Versions/A/SpeechSynthesis
0x0000000012918000 	/usr/lib/libcompression.dylib
0x0000000012918000 	/System/Library/Frameworks/CoreDisplay.framework/Versions/A/CoreDisplay
0x0000000012918000 	/System/Library/Frameworks/MetalPerformanceShaders.framework/Versions/A/MetalPerformanceShaders
0x0000000012918000 	/System/Library/Frameworks/Accelerate.framework/Versions/A/Frameworks/vImage.framework/Versions/A/vImage
0x0000000012918000 	/System/Library/Frameworks/Accelerate.framework/Versions/A/Frameworks/vecLib.framework/Versions/A/vecLib
0x0000000012918000 	/System/Library/Frameworks/Accelerate.framework/Versions/A/Frameworks/vecLib.framework/Versions/A/libvMisc.dylib
0x0000000012918000 	/System/Library/Frameworks/Accelerate.framework/Versions/A/Frameworks/vecLib.framework/Versions/A/libvDSP.dylib
0x0000000012918000 	/System/Library/Frameworks/Accelerate.framework/Versions/A/Frameworks/vecLib.framework/Versions/A/libBLAS.dylib
0x0000000012918000 	/System/Library/Frameworks/Accelerate.framework/Versions/A/Frameworks/vecLib.framework/Versions/A/libLAPACK.dylib
0x0000000012918000 	/System/Library/Frameworks/Accelerate.framework/Versions/A/Frameworks/vecLib.framework/Versions/A/libLinearAlgebra.dylib
0x0000000012918000 	/System/Library/Frameworks/Accelerate.framework/Versions/A/Frameworks/vecLib.framework/Versions/A/libSparseBLAS.dylib
0x0000000012918000 	/System/Library/Frameworks/Accelerate.framework/Versions/A/Frameworks/vecLib.framework/Versions/A/libQuadrature.dylib
0x0000000012918000 	/System/Library/Frameworks/Accelerate.framework/Versions/A/Frameworks/vecLib.framework/Versions/A/libBNNS.dylib
0x0000000012918000 	/System/Library/Frameworks/Accelerate.framework/Versions/A/Frameworks/vecLib.framework/Versions/A/libSparse.dylib
0x0000000012918000 	/System/Library/PrivateFrameworks/GPUWrangler.framework/Versions/A/GPUWrangler
0x0000000012918000 	/System/Library/PrivateFrameworks/IOAccelerator.framework/Versions/A/IOAccelerator
0x0000000012918000 	/System/Library/PrivateFrameworks/IOPresentment.framework/Versions/A/IOPresentment
0x0000000012918000 	/System/Library/PrivateFrameworks/DSExternalDisplay.framework/Versions/A/DSExternalDisplay
0x0000000012918000 	/System/Library/Frameworks/OpenGL.framework/Versions/A/Libraries/libCoreFSCache.dylib
0x0000000012918000 	/System/Library/Frameworks/MetalPerformanceShaders.framework/Frameworks/MPSCore.framework/Versions/A/MPSCore
0x0000000012918000 	/System/Library/Frameworks/MetalPerformanceShaders.framework/Frameworks/MPSImage.framework/Versions/A/MPSImage
0x0000000012918000 	/System/Library/Frameworks/MetalPerformanceShaders.framework/Frameworks/MPSNeuralNetwork.framework/Versions/A/MPSNeuralNetwork
0x0000000012918000 	/System/Library/Frameworks/MetalPerformanceShaders.framework/Frameworks/MPSMatrix.framework/Versions/A/MPSMatrix
0x0000000012918000 	/System/Library/Frameworks/MetalPerformanceShaders.framework/Frameworks/MPSRayIntersector.framework/Versions/A/MPSRayIntersector
0x0000000012918000 	/System/Library/PrivateFrameworks/MetalTools.framework/Versions/A/MetalTools
0x0000000012918000 	/System/Library/PrivateFrameworks/AggregateDictionary.framework/Versions/A/AggregateDictionary
0x0000000012918000 	/usr/lib/libMobileGestalt.dylib
0x0000000012918000 	/System/Library/Frameworks/CoreVideo.framework/Versions/A/CoreVideo
0x0000000012918000 	/System/Library/PrivateFrameworks/GraphVisualizer.framework/Versions/A/GraphVisualizer
0x0000000012918000 	/System/Library/PrivateFrameworks/FaceCore.framework/Versions/A/FaceCore
0x0000000012918000 	/System/Library/Frameworks/OpenCL.framework/Versions/A/OpenCL
0x0000000012918000 	/usr/lib/libFosl_dynamic.dylib
0x0000000012918000 	/System/Library/PrivateFrameworks/OTSVG.framework/Versions/A/OTSVG
0x0000000012918000 	/System/Library/Frameworks/ApplicationServices.framework/Versions/A/Frameworks/ATS.framework/Versions/A/Resources/libFontParser.dylib
0x0000000012918000 	/System/Library/Frameworks/ApplicationServices.framework/Versions/A/Frameworks/ATS.framework/Versions/A/Resources/libFontRegistry.dylib
0x0000000012918000 	/System/Library/Frameworks/ImageIO.framework/Versions/A/Resources/libJPEG.dylib
0x0000000012918000 	/System/Library/Frameworks/ImageIO.framework/Versions/A/Resources/libTIFF.dylib
0x0000000012918000 	/System/Library/Frameworks/ImageIO.framework/Versions/A/Resources/libPng.dylib
0x0000000012918000 	/System/Library/Frameworks/ImageIO.framework/Versions/A/Resources/libGIF.dylib
0x0000000012918000 	/System/Library/Frameworks/ImageIO.framework/Versions/A/Resources/libJP2.dylib
0x0000000012918000 	/System/Library/Frameworks/ImageIO.framework/Versions/A/Resources/libRadiance.dylib
0x0000000012918000 	/System/Library/PrivateFrameworks/AppleJPEG.framework/Versions/A/AppleJPEG
0x0000000012918000 	/System/Library/Frameworks/OpenGL.framework/Versions/A/Libraries/libGFXShared.dylib
0x0000000012918000 	/System/Library/Frameworks/OpenGL.framework/Versions/A/Libraries/libGLU.dylib
0x0000000012918000 	/System/Library/Frameworks/OpenGL.framework/Versions/A/Libraries/libGL.dylib
0x0000000012918000 	/System/Library/Frameworks/OpenGL.framework/Versions/A/Libraries/libGLImage.dylib
0x0000000012918000 	/System/Library/Frameworks/OpenGL.framework/Versions/A/Libraries/libCVMSPluginSupport.dylib
0x0000000012918000 	/System/Library/Frameworks/OpenGL.framework/Versions/A/Libraries/libCoreVMClient.dylib
0x0000000012918000 	/usr/lib/libcups.2.dylib
0x0000000012918000 	/System/Library/Frameworks/Kerberos.framework/Versions/A/Kerberos
0x0000000012918000 	/System/Library/Frameworks/GSS.framework/Versions/A/GSS
0x0000000012918000 	/usr/lib/libresolv.9.dylib
0x0000000012918000 	/usr/lib/libiconv.2.dylib
0x0000000012918000 	/System/Library/PrivateFrameworks/Heimdal.framework/Versions/A/Heimdal
0x0000000012918000 	/usr/lib/libheimdal-asn1.dylib
0x0000000012918000 	/System/Library/Frameworks/OpenDirectory.framework/Versions/A/OpenDirectory
0x0000000012918000 	/System/Library/PrivateFrameworks/CommonAuth.framework/Versions/A/CommonAuth
0x0000000012918000 	/System/Library/Frameworks/OpenDirectory.framework/Versions/A/Frameworks/CFOpenDirectory.framework/Versions/A/CFOpenDirectory
0x0000000012918000 	/System/Library/Frameworks/SecurityFoundation.framework/Versions/A/SecurityFoundation
0x0000000012918000 	/System/Library/PrivateFrameworks/APFS.framework/Versions/A/APFS
0x0000000012918000 	/usr/lib/libutil.dylib
0x0000000012918000 	/usr/lib/libcharset.1.dylib
0x0000000012918000 	/System/Library/PrivateFrameworks/AppleSauce.framework/Versions/A/AppleSauce
0x0000000012918000 	/System/Library/PrivateFrameworks/AssertionServices.framework/Versions/A/AssertionServices
0x0000000012918000 	/System/Library/PrivateFrameworks/BaseBoard.framework/Versions/A/BaseBoard
0x0000000012918000 	/usr/lib/libmecab.1.0.0.dylib
0x0000000012918000 	/usr/lib/libgermantok.dylib
0x0000000012918000 	/usr/lib/libThaiTokenizer.dylib
0x0000000012918000 	/usr/lib/libChineseTokenizer.dylib
0x0000000012918000 	/System/Library/PrivateFrameworks/LanguageModeling.framework/Versions/A/LanguageModeling
0x0000000012918000 	/System/Library/PrivateFrameworks/CoreEmoji.framework/Versions/A/CoreEmoji
0x0000000012918000 	/System/Library/PrivateFrameworks/Lexicon.framework/Versions/A/Lexicon
0x0000000012918000 	/System/Library/PrivateFrameworks/LinguisticData.framework/Versions/A/LinguisticData
0x0000000012918000 	/usr/lib/libcmph.dylib
0x0000000012918000 	/System/Library/Frameworks/ServiceManagement.framework/Versions/A/ServiceManagement
0x0000000012918000 	/System/Library/PrivateFrameworks/BackgroundTaskManagement.framework/Versions/A/BackgroundTaskManagement
0x0000000012918000 	/usr/lib/libxslt.1.dylib
0x0000000012918000 	/System/Library/Frameworks/Carbon.framework/Versions/A/Frameworks/Ink.framework/Versions/A/Ink
0x0000000012918000 	/System/Library/PrivateFrameworks/TextureIO.framework/Versions/A/TextureIO
0x0000000012918000 	/usr/lib/libate.dylib
0x0000000012918000 	/System/Library/PrivateFrameworks/CrashReporterSupport.framework/Versions/A/CrashReporterSupport
0x0000000012918000 	/System/Library/PrivateFrameworks/Sharing.framework/Versions/A/Sharing
0x0000000012918000 	/System/Library/PrivateFrameworks/AuthKit.framework/Versions/A/AuthKit
0x0000000012918000 	/System/Library/PrivateFrameworks/Apple80211.framework/Versions/A/Apple80211
0x0000000012918000 	/System/Library/PrivateFrameworks/CoreUtils.framework/Versions/A/CoreUtils
0x0000000012918000 	/System/Library/Frameworks/CoreWLAN.framework/Versions/A/CoreWLAN
0x0000000012918000 	/System/Library/Frameworks/IOBluetooth.framework/Versions/A/IOBluetooth
0x0000000012918000 	/System/Library/PrivateFrameworks/ProtocolBuffer.framework/Versions/A/ProtocolBuffer
0x0000000012918000 	/System/Library/PrivateFrameworks/MobileKeyBag.framework/Versions/A/MobileKeyBag
0x0000000012918000 	/System/Library/PrivateFrameworks/CorePhoneNumbers.framework/Versions/A/CorePhoneNumbers
0x0000000012918000 	/System/Library/PrivateFrameworks/AppleIDAuthSupport.framework/Versions/A/AppleIDAuthSupport
0x0000000012918000 	/System/Library/PrivateFrameworks/KeychainCircle.framework/Versions/A/KeychainCircle
0x0000000012918000 	/System/Library/PrivateFrameworks/ROCKit.framework/Versions/A/ROCKit
0x0000000012918000 	/System/Library/PrivateFrameworks/CoreWiFi.framework/Versions/A/CoreWiFi
0x0000000012918000 	/System/Library/Frameworks/CoreBluetooth.framework/Versions/A/CoreBluetooth
0x0000000012918000 	/System/Library/PrivateFrameworks/DebugSymbols.framework/Versions/A/DebugSymbols
0x0000000012918000 	/System/Library/PrivateFrameworks/CoreSymbolication.framework/Versions/A/CoreSymbolication
0x0000000012918000 	/System/Library/PrivateFrameworks/Symbolication.framework/Versions/A/Symbolication
0x0000000012918000 	/System/Library/PrivateFrameworks/SpeechRecognitionCore.framework/Versions/A/SpeechRecognitionCore
0x0000000012918000 	/System/Library/CoreServices/Encodings/libSimplifiedChineseConverter.dylib
0x00000001103d8000 	/Applications/Android Studio.app/Contents/jre/jdk/Contents/Home/jre/lib/server/libjvm.dylib
0x0000000012918000 	/usr/lib/libstdc++.6.dylib
0x000000010ee17000 	/Applications/Android Studio.app/Contents/jre/jdk/Contents/Home/jre/lib/libverify.dylib
0x000000010ee23000 	/Applications/Android Studio.app/Contents/jre/jdk/Contents/Home/jre/lib/libjava.dylib
0x000000010eea1000 	/Applications/Android Studio.app/Contents/jre/jdk/Contents/Home/jre/lib/libzip.dylib
0x000000012e7a2000 	/Applications/Android Studio.app/Contents/jre/jdk/Contents/Home/jre/lib/libnet.dylib
0x000000012e7b9000 	/Applications/Android Studio.app/Contents/jre/jdk/Contents/Home/jre/lib/libnio.dylib
0x000000012e7c9000 	/Users/zhengjiangrong/.gradle/native/25/osx-amd64/libnative-platform.dylib
0x000000012ec0d000 	/Applications/Android Studio.app/Contents/jre/jdk/Contents/Home/jre/lib/libmanagement.dylib

VM Arguments:
jvm_args: -Xmx5120m -Dfile.encoding=UTF-8 -Duser.country=CN -Duser.language=zh -Duser.variant 
java_command: org.gradle.launcher.daemon.bootstrap.GradleDaemon 4.6
java_class_path (initial): /Users/zhengjiangrong/.gradle/wrapper/dists/gradle-4.6-all/bcst21l2brirad8k2ben1letg/gradle-4.6/lib/gradle-launcher-4.6.jar
Launcher Type: SUN_STANDARD

Environment Variables:
PATH=/Users/zhengjiangrong/.nvm/versions/node/v8.5.0/bin:/Library/Frameworks/Python.framework/Versions/3.5/bin:/Users/zhengjiangrong/.rvm/gems/ruby-2.2.1/bin:/Users/zhengjiangrong/.rvm/gems/ruby-2.2.1@global/bin:/Users/zhengjiangrong/.rvm/rubies/ruby-2.2.1/bin:/Users/zhengjiangrong/work/web/apache-maven-3.1.1/bin:/usr/local/bin:/usr/bin:/bin:/usr/sbin:/sbin:/opt/X11/bin:/Users/zhengjiangrong/work/android/adt-bundle-mac-x86_64-20140702/sdk_studio/tools:/Users/zhengjiangrong/work/android/adt-bundle-mac-x86_64-20140702/sdk_studio/platform-tools:/Users/zhengjiangrong/.rvm/bin:/Users/zhengjiangrong/.gradle/wrapper/dists/gradle-4.6-all/bcst21l2brirad8k2ben1letg/gradle-4.6/bin:/usr/local/nginx/sbin
SHELL=/bin/bash
DISPLAY=/private/tmp/com.apple.launchd.Yq9gw3BfQE/org.macosforge.xquartz:0

Signal Handlers:
SIGSEGV: [libjvm.dylib+0x570b99], sa_mask[0]=11111111011111110111111111111111, sa_flags=SA_ONSTACK|SA_RESTART|SA_SIGINFO
SIGBUS: [libjvm.dylib+0x570b99], sa_mask[0]=11111111011111110111111111111111, sa_flags=SA_RESTART|SA_SIGINFO
SIGFPE: [libjvm.dylib+0x461f7d], sa_mask[0]=11111111011111110111111111111111, sa_flags=SA_RESTART|SA_SIGINFO
SIGPIPE: [libjvm.dylib+0x461f7d], sa_mask[0]=11111111011111110111111111111111, sa_flags=SA_RESTART|SA_SIGINFO
SIGXFSZ: [libjvm.dylib+0x461f7d], sa_mask[0]=11111111011111110111111111111111, sa_flags=SA_RESTART|SA_SIGINFO
SIGILL: [libjvm.dylib+0x461f7d], sa_mask[0]=11111111011111110111111111111111, sa_flags=SA_RESTART|SA_SIGINFO
SIGUSR1: SIG_DFL, sa_mask[0]=00000000000000000000000000000000, sa_flags=none
SIGUSR2: [libjvm.dylib+0x46288e], sa_mask[0]=00100000000000000000000000000000, sa_flags=SA_RESTART|SA_SIGINFO
SIGHUP: [libjvm.dylib+0x460a77], sa_mask[0]=11111111011111110111111111111111, sa_flags=SA_RESTART|SA_SIGINFO
SIGINT: [libjvm.dylib+0x460a77], sa_mask[0]=11111111011111110111111111111111, sa_flags=SA_RESTART|SA_SIGINFO
SIGTERM: [libjvm.dylib+0x460a77], sa_mask[0]=11111111011111110111111111111111, sa_flags=SA_RESTART|SA_SIGINFO
SIGQUIT: [libjvm.dylib+0x460a77], sa_mask[0]=11111111011111110111111111111111, sa_flags=SA_RESTART|SA_SIGINFO


---------------  S Y S T E M  ---------------

OS:Bsduname:Darwin 18.2.0 Darwin Kernel Version 18.2.0: Mon Nov 12 20:24:46 PST 2018; root:xnu-4903.231.4~2/RELEASE_X86_64 x86_64
rlimit: STACK 8192k, CORE 0k, NPROC 1418, NOFILE 10240, AS infinity
load average:2.38 2.44 2.68

CPU:total 8 (initial active 8) (4 cores per cpu, 2 threads per core) family 6 model 70 stepping 1, cmov, cx8, fxsr, mmx, sse, sse2, sse3, ssse3, sse4.1, sse4.2, popcnt, avx, avx2, aes, clmul, erms, lzcnt, ht, tsc, tscinvbit, bmi1, bmi2

Memory: 4k page, physical 16777216k(49292k free)

/proc/meminfo:


vm_info: OpenJDK 64-Bit Server VM (25.152-b06) for bsd-amd64 JRE (1.8.0_152-release-1136-b06), built by "builder" with gcc 4.2.1 Compatible Apple LLVM 9.1.0 (clang-902.0.39.2)

time: Fri Feb 22 18:13:06 2019
elapsed time: 11 seconds (0d 0h 0m 11s)

