#
# A fatal error has been detected by the Java Runtime Environment:
#
#  SIGSEGV (0xb) at pc=0x0000000107106210, pid=46499, tid=0x0000000000004e03
#
# JRE version: OpenJDK Runtime Environment (8.0_152-b06) (build 1.8.0_152-release-1136-b06)
# Java VM: OpenJDK 64-Bit Server VM (25.152-b06 mixed mode bsd-amd64 compressed oops)
# Problematic frame:
# V  [libjvm.dylib+0x506210]  SymbolTable::buckets_unlink(int, int, BasicHashtable<(MemoryType)9>::BucketUnlinkContext*, unsigned long*)+0x66
#
# Failed to write core dump. Core dumps have been disabled. To enable core dumping, try "ulimit -c unlimited" before starting Java again
#
# If you would like to submit a bug report, please visit:
#   http://bugreport.java.com/bugreport/crash.jsp
#

---------------  T H R E A D  ---------------

Current thread (0x00007fb1fd808000):  VMThread [stack: 0x0000700006301000,0x0000700006401000] [id=19971]

siginfo: si_signo: 11 (SIGSEGV), si_code: 1 (SEGV_MAPERR), si_addr: 0x00007f91fbf98ed0

Registers:
RAX=0x0000000109dac000, RBX=0x00007fb1ffde15a8, RCX=0x00000000000004ab, RDX=0x00000000000c0070
RSP=0x0000700006400700, RBP=0x0000700006400740, RSI=0x00000000000004ab, RDI=0x00007f91fbf98ed0
R8 =0x0000000000000003, R9 =0x00007fb1fbfa4310, R10=0x0000000000000004, R11=0x0000000000000004
R12=0x0000700006400750, R13=0x00000001074030e0, R14=0x0000700006400770, R15=0x0000000109dae558
RIP=0x0000000107106210, EFLAGS=0x0000000000010246, ERR=0x0000000000000004
  TRAPNO=0x000000000000000e

Top of Stack: (sp=0x0000700006400700)
0x0000700006400700:   0000700006400750 00000000000004ab
0x0000700006400710:   00004e2b07412ff8 0000700006400750
0x0000700006400720:   0000700006400850 000000010742ca70
0x0000700006400730:   00007000064007e8 0000700006400850
0x0000700006400740:   0000700006400790 00000001071062c5
0x0000700006400750:   000000240000263d 00007fb1ffcaeda8
0x0000700006400760:   00007fb1fc5749e8 0000000000000000
0x0000700006400770:   0000000000011bbe 00007000064007e8
0x0000700006400780:   0000000000000000 0000700006400808
0x0000700006400790:   00007000064008a0 000000010709c290
0x00007000064007a0:   00000001071d7d8c 0000000107090100
0x00007000064007b0:   000000010742c978 0000000172546ab2
0x00007000064007c0:   00000001073f1580 00007fb100000008
0x00007000064007d0:   00007fb1fba08780 0000000000000008
0x00007000064007e0:   00007000064007f0 0000000000000000
0x00007000064007f0:   000000000000084c 0000000000000ccf
0x0000700006400800:   0000000000000003 00000001071aa96b
0x0000700006400810:   00007fb1fd000100 000000010742c978
0x0000700006400820:   0000000173818e5b 00000001073ef918
0x0000700006400830:   000000010e2c1400 00007fb1fba091a0
0x0000700006400840:   00000001073ef900 00007fb1fba091a0
0x0000700006400850:   0000000000000000 000000000000084c
0x0000700006400860:   0000000000000ccf 0000000000000003
0x0000700006400870:   0000700006400880 0000000000000000
0x0000700006400880:   00007fb1fba02200 00007fb1fba080b0
0x0000700006400890:   0000000000000000 0000700006400990
0x00007000064008a0:   0000700006400b00 000000010709b7ed
0x00007000064008b0:   00007fb1fc800100 0000000000000000
0x00007000064008c0:   0000000000000000 0000000000000000
0x00007000064008d0:   00007fb1fb901180 0000000172535000
0x00007000064008e0:   0000700006400a48 00007fb1fba00100
0x00007000064008f0:   0000000000000000 0000000000000000 

Instructions: (pc=0x0000000107106210)
0x00000001071061f0:   77 48 8b 4d c8 4c 8d 3c c8 f6 43 08 01 74 0d 48
0x0000000107106200:   8d 05 72 90 30 00 8b 00 85 c0 74 5c 48 8b 7b 10
0x0000000107106210:   0f b7 07 83 c0 0f c1 e8 03 41 8b 4d 00 8d 44 01
0x0000000107106220:   ff f7 d9 21 c1 48 63 c1 49 01 06 41 ff 04 24 66 

Register to memory mapping:

RAX=0x0000000109dac000 is an unknown value
RBX=0x00007fb1ffde15a8 is an unknown value
RCX=0x00000000000004ab is an unknown value
RDX=0x00000000000c0070 is an unknown value
RSP=0x0000700006400700 is an unknown value
RBP=0x0000700006400740 is an unknown value
RSI=0x00000000000004ab is an unknown value
RDI=0x00007f91fbf98ed0 is an unknown value
R8 =0x0000000000000003 is an unknown value
R9 =0x00007fb1fbfa4310 is an unknown value
R10=0x0000000000000004 is an unknown value
R11=0x0000000000000004 is an unknown value
R12=0x0000700006400750 is an unknown value
R13=0x00000001074030e0: MinObjAlignment+0 in /Applications/Android Studio.app/Contents/jre/jdk/Contents/Home/jre/lib/server/libjvm.dylib at 0x0000000106c00000
R14=0x0000700006400770 is an unknown value
R15=0x0000000109dae558 is an unknown value


Stack: [0x0000700006301000,0x0000700006401000],  sp=0x0000700006400700,  free space=1021k
Native frames: (J=compiled Java code, j=interpreted, Vv=VM code, C=native code)
V  [libjvm.dylib+0x506210]  SymbolTable::buckets_unlink(int, int, BasicHashtable<(MemoryType)9>::BucketUnlinkContext*, unsigned long*)+0x66
V  [libjvm.dylib+0x5062c5]  SymbolTable::unlink(int*, int*)+0x3d
V  [libjvm.dylib+0x49c290]  PSParallelCompact::marking_phase(ParCompactionManager*, bool, ParallelOldTracer*)+0x510
V  [libjvm.dylib+0x49b7ed]  PSParallelCompact::invoke_no_policy(bool)+0x3e9
V  [libjvm.dylib+0x49b3f2]  PSParallelCompact::invoke(bool)+0x5a
V  [libjvm.dylib+0x18f407]  CollectedHeap::collect_as_vm_thread(GCCause::Cause)+0x81
V  [libjvm.dylib+0x57120e]  VM_CollectForMetadataAllocation::doit()+0xa8
V  [libjvm.dylib+0x581064]  VM_Operation::evaluate()+0x46
V  [libjvm.dylib+0x580a00]  VMThread::evaluate_operation(VM_Operation*)+0x146
V  [libjvm.dylib+0x58045e]  VMThread::loop()+0xc0
V  [libjvm.dylib+0x580293]  VMThread::run()+0x73
V  [libjvm.dylib+0x45fb89]  java_start(Thread*)+0xfa
C  [libsystem_pthread.dylib+0x3305]  _pthread_body+0x7e
C  [libsystem_pthread.dylib+0x626f]  _pthread_start+0x46
C  [libsystem_pthread.dylib+0x2415]  thread_start+0xd

VM_Operation (0x000070000731eef8): CollectForMetadataAllocation, mode: safepoint, requested by thread 0x00007fb1fc296000


---------------  P R O C E S S  ---------------

Java Threads: ( => current thread )
  0x00007fb1fed6e000 JavaThread "Memory manager" [_thread_blocked, id=27395, stack(0x000070000825e000,0x000070000835e000)]
  0x00007fb1fe493800 JavaThread "pool-1-thread-1" [_thread_blocked, id=38403, stack(0x000070000815b000,0x000070000825b000)]
  0x00007fb1fb0f2800 JavaThread "Build operations Thread 8" [_thread_blocked, id=38915, stack(0x0000700008058000,0x0000700008158000)]
  0x00007fb1fe631800 JavaThread "Build operations Thread 7" [_thread_blocked, id=26883, stack(0x0000700007f55000,0x0000700008055000)]
  0x00007fb1fe630800 JavaThread "Build operations Thread 6" [_thread_blocked, id=39427, stack(0x0000700007e52000,0x0000700007f52000)]
  0x00007fb1fe168000 JavaThread "Build operations Thread 5" [_thread_blocked, id=26115, stack(0x0000700007d4f000,0x0000700007e4f000)]
  0x00007fb1fdde3000 JavaThread "Build operations Thread 4" [_thread_blocked, id=25859, stack(0x0000700007c4c000,0x0000700007d4c000)]
  0x00007fb1fe167800 JavaThread "Build operations Thread 3" [_thread_blocked, id=25347, stack(0x0000700007b49000,0x0000700007c49000)]
  0x00007fb1fad55800 JavaThread "Build operations Thread 2" [_thread_blocked, id=25091, stack(0x0000700007a46000,0x0000700007b46000)]
  0x00007fb1fe605800 JavaThread "Build operations" [_thread_blocked, id=24579, stack(0x0000700007943000,0x0000700007a43000)]
  0x00007fb1fa7f7000 JavaThread "Cache worker for Artifact transforms cache (/Users/zhengjiangrong/.gradle/caches/transforms-1)" [_thread_blocked, id=24067, stack(0x0000700007840000,0x0000700007940000)]
  0x00007fb1fad18000 JavaThread "Cache worker for file hash cache (/Users/zhengjiangrong/Documents/GitHub/weexplus/platforms/android/weexplus/.gradle/4.6/fileHashes)" [_thread_blocked, id=40195, stack(0x000070000773d000,0x000070000783d000)]
  0x00007fb1fa170000 JavaThread "File lock request listener" [_thread_in_native, id=40707, stack(0x000070000763a000,0x000070000773a000)]
  0x00007fb1fdc99000 JavaThread "Cache worker for file hash cache (/Users/zhengjiangrong/.gradle/caches/4.6/fileHashes)" [_thread_blocked, id=41219, stack(0x0000700007537000,0x0000700007637000)]
  0x00007fb1fcbbd800 JavaThread "Stdin handler" [_thread_blocked, id=23299, stack(0x0000700007434000,0x0000700007534000)]
  0x00007fb1fcbbb800 JavaThread "Asynchronous log dispatcher for DefaultDaemonConnection: socket connection from /127.0.0.1:55717 to /127.0.0.1:55718" [_thread_blocked, id=41731, stack(0x0000700007331000,0x0000700007431000)]
  0x00007fb1fc296000 JavaThread "Daemon worker" [_thread_blocked, id=42243, stack(0x000070000722e000,0x000070000732e000)]
  0x00007fb1fcbbb000 JavaThread "Cancel handler" [_thread_blocked, id=42755, stack(0x000070000712b000,0x000070000722b000)]
  0x00007fb1fc28d800 JavaThread "Handler for socket connection from /127.0.0.1:55717 to /127.0.0.1:55718" [_thread_in_native, id=22787, stack(0x0000700007028000,0x0000700007128000)]
  0x00007fb1face5000 JavaThread "Daemon" [_thread_blocked, id=43267, stack(0x0000700006f25000,0x0000700007025000)]
  0x00007fb1fcbb2000 JavaThread "Daemon periodic checks" [_thread_blocked, id=22275, stack(0x0000700006e22000,0x0000700006f22000)]
  0x00007fb1fc27d000 JavaThread "Incoming local TCP Connector on port 55717" [_thread_in_native, id=21763, stack(0x0000700006d1f000,0x0000700006e1f000)]
  0x00007fb1fd828000 JavaThread "Service Thread" daemon [_thread_blocked, id=16899, stack(0x0000700006b19000,0x0000700006c19000)]
  0x00007fb1fb003000 JavaThread "C1 CompilerThread3" daemon [_thread_blocked, id=17155, stack(0x0000700006a16000,0x0000700006b16000)]
  0x00007fb1fc01c800 JavaThread "C2 CompilerThread2" daemon [_thread_in_native, id=15363, stack(0x0000700006913000,0x0000700006a13000)]
  0x00007fb1fc01b800 JavaThread "C2 CompilerThread1" daemon [_thread_blocked, id=15107, stack(0x0000700006810000,0x0000700006910000)]
  0x00007fb1fa801000 JavaThread "C2 CompilerThread0" daemon [_thread_in_native, id=17923, stack(0x000070000670d000,0x000070000680d000)]
  0x00007fb1fc82e000 JavaThread "Signal Dispatcher" daemon [_thread_blocked, id=14595, stack(0x000070000660a000,0x000070000670a000)]
  0x00007fb1fc013000 JavaThread "Finalizer" daemon [_thread_blocked, id=19459, stack(0x0000700006507000,0x0000700006607000)]
  0x00007fb1fc82a800 JavaThread "Reference Handler" daemon [_thread_blocked, id=12803, stack(0x0000700006404000,0x0000700006504000)]
  0x00007fb1fd002800 JavaThread "main" [_thread_blocked, id=10243, stack(0x00007000059e6000,0x0000700005ae6000)]

Other Threads:
=>0x00007fb1fd808000 VMThread [stack: 0x0000700006301000,0x0000700006401000] [id=19971]
  0x00007fb1fd836000 WatcherThread [stack: 0x0000700006c1c000,0x0000700006d1c000] [id=16131]

VM state:at safepoint (normal execution)

VM Mutex/Monitor currently owned by a thread:  ([mutex/lock_event])
[0x00007fb1fb9034d0] Threads_lock - owner thread: 0x00007fb1fd808000
[0x00007fb1fb9039d0] Heap_lock - owner thread: 0x00007fb1fc296000

Heap:
 PSYoungGen      total 312320K, used 19451K [0x0000000755580000, 0x0000000772b00000, 0x00000007c0000000)
  eden space 292864K, 0% used [0x0000000755580000,0x0000000755580000,0x0000000767380000)
  from space 19456K, 99% used [0x0000000767380000,0x000000076867ef08,0x0000000768680000)
  to   space 30720K, 0% used [0x0000000770d00000,0x0000000770d00000,0x0000000772b00000)
 ParOldGen       total 164352K, used 44954K [0x0000000680000000, 0x000000068a080000, 0x0000000755580000)
  object space 164352K, 27% used [0x0000000680000000,0x0000000682be6b88,0x000000068a080000)
 Metaspace       used 56423K, capacity 59002K, committed 59028K, reserved 1099776K
  class space    used 7706K, capacity 8380K, committed 8380K, reserved 1048576K

Card table byte_map: [0x0000000107a9c000,0x000000010849d000] byte_map_base: 0x000000010469c000

Marking Bits: (ParMarkBitMap*) 0x000000010742c8f8
 Begin Bits: [0x000000011d2c1000, 0x00000001222c1000)
 End Bits:   [0x00000001222c1000, 0x00000001272c1000)

Polling page: 0x0000000105bc9000

CodeCache: size=245760Kb used=23737Kb max_used=23737Kb free=222022Kb
 bounds [0x000000010e2c1000, 0x000000010fa11000, 0x000000011d2c1000]
 total_blobs=7700 nmethods=6935 adapters=678
 compilation: enabled

Compilation events (10 events):
Event: 6.168 Thread 0x00007fb1fb003000 7196   !   3       sun.reflect.GeneratedConstructorAccessor3::newInstance (53 bytes)
Event: 6.169 Thread 0x00007fb1fb003000 nmethod 7196 0x000000010f9f1410 code [0x000000010f9f1620, 0x000000010f9f1e88]
Event: 6.171 Thread 0x00007fb1fb003000 7197   !   3       org.gradle.internal.classloader.TransformingClassLoader::findClass (203 bytes)
Event: 6.173 Thread 0x00007fb1fc01b800 nmethod 7181 0x000000010f9f35d0 code [0x000000010f9f3740, 0x000000010f9f3cd8]
Event: 6.173 Thread 0x00007fb1fc01b800 7089 %     4       org.apache.commons.io.FilenameUtils::doNormalize @ 70 (530 bytes)
Event: 6.173 Thread 0x00007fb1fb003000 nmethod 7197 0x000000010f9fef90 code [0x000000010f9ff3c0, 0x000000010fa01a78]
Event: 6.175 Thread 0x00007fb1fb003000 7198       3       java.lang.String::toUpperCase (8 bytes)
Event: 6.175 Thread 0x00007fb1fb003000 nmethod 7198 0x000000010f9f0f50 code [0x000000010f9f10c0, 0x000000010f9f1328]
Event: 6.177 Thread 0x00007fb1fb003000 7200       3       groovy.lang.MetaClassImpl::addInterfaceMethods (81 bytes)
Event: 6.178 Thread 0x00007fb1fb003000 nmethod 7200 0x000000010f9f4550 code [0x000000010f9f4760, 0x000000010f9f5118]

GC Heap History (10 events):
Event: 2.435 GC heap after
Heap after GC invocations=5 (full 1):
 PSYoungGen      total 208384K, used 10750K [0x0000000755580000, 0x0000000766a80000, 0x00000007c0000000)
  eden space 197632K, 0% used [0x0000000755580000,0x0000000755580000,0x0000000761680000)
  from space 10752K, 99% used [0x0000000766000000,0x0000000766a7fad0,0x0000000766a80000)
  to   space 10752K, 0% used [0x0000000765580000,0x0000000765580000,0x0000000766000000)
 ParOldGen       total 104960K, used 9799K [0x0000000680000000, 0x0000000686680000, 0x0000000755580000)
  object space 104960K, 9% used [0x0000000680000000,0x0000000680991d98,0x0000000686680000)
 Metaspace       used 29140K, capacity 29636K, committed 30208K, reserved 1075200K
  class space    used 4071K, capacity 4230K, committed 4352K, reserved 1048576K
}
Event: 2.804 GC heap before
{Heap before GC invocations=6 (full 1):
 PSYoungGen      total 208384K, used 49155K [0x0000000755580000, 0x0000000766a80000, 0x00000007c0000000)
  eden space 197632K, 19% used [0x0000000755580000,0x0000000757b01130,0x0000000761680000)
  from space 10752K, 99% used [0x0000000766000000,0x0000000766a7fad0,0x0000000766a80000)
  to   space 10752K, 0% used [0x0000000765580000,0x0000000765580000,0x0000000766000000)
 ParOldGen       total 104960K, used 9799K [0x0000000680000000, 0x0000000686680000, 0x0000000755580000)
  object space 104960K, 9% used [0x0000000680000000,0x0000000680991d98,0x0000000686680000)
 Metaspace       used 34521K, capacity 35206K, committed 35416K, reserved 1079296K
  class space    used 4774K, capacity 4981K, committed 4992K, reserved 1048576K
Event: 2.813 GC heap after
Heap after GC invocations=6 (full 1):
 PSYoungGen      total 272896K, used 10215K [0x0000000755580000, 0x0000000769280000, 0x00000007c0000000)
  eden space 262144K, 0% used [0x0000000755580000,0x0000000755580000,0x0000000765580000)
  from space 10752K, 95% used [0x0000000765580000,0x0000000765f79d08,0x0000000766000000)
  to   space 12288K, 0% used [0x0000000768680000,0x0000000768680000,0x0000000769280000)
 ParOldGen       total 104960K, used 9807K [0x0000000680000000, 0x0000000686680000, 0x0000000755580000)
  object space 104960K, 9% used [0x0000000680000000,0x0000000680993d98,0x0000000686680000)
 Metaspace       used 34521K, capacity 35206K, committed 35416K, reserved 1079296K
  class space    used 4774K, capacity 4981K, committed 4992K, reserved 1048576K
}
Event: 2.813 GC heap before
{Heap before GC invocations=7 (full 2):
 PSYoungGen      total 272896K, used 10215K [0x0000000755580000, 0x0000000769280000, 0x00000007c0000000)
  eden space 262144K, 0% used [0x0000000755580000,0x0000000755580000,0x0000000765580000)
  from space 10752K, 95% used [0x0000000765580000,0x0000000765f79d08,0x0000000766000000)
  to   space 12288K, 0% used [0x0000000768680000,0x0000000768680000,0x0000000769280000)
 ParOldGen       total 104960K, used 9807K [0x0000000680000000, 0x0000000686680000, 0x0000000755580000)
  object space 104960K, 9% used [0x0000000680000000,0x0000000680993d98,0x0000000686680000)
 Metaspace       used 34521K, capacity 35206K, committed 35416K, reserved 1079296K
  class space    used 4774K, capacity 4981K, committed 4992K, reserved 1048576K
Event: 2.852 GC heap after
Heap after GC invocations=7 (full 2):
 PSYoungGen      total 272896K, used 0K [0x0000000755580000, 0x0000000769280000, 0x00000007c0000000)
  eden space 262144K, 0% used [0x0000000755580000,0x0000000755580000,0x0000000765580000)
  from space 10752K, 0% used [0x0000000765580000,0x0000000765580000,0x0000000766000000)
  to   space 12288K, 0% used [0x0000000768680000,0x0000000768680000,0x0000000769280000)
 ParOldGen       total 164352K, used 16936K [0x0000000680000000, 0x000000068a080000, 0x0000000755580000)
  object space 164352K, 10% used [0x0000000680000000,0x000000068108a310,0x000000068a080000)
 Metaspace       used 34521K, capacity 35206K, committed 35416K, reserved 1079296K
  class space    used 4774K, capacity 4981K, committed 4992K, reserved 1048576K
}
Event: 4.588 GC heap before
{Heap before GC invocations=8 (full 2):
 PSYoungGen      total 272896K, used 262144K [0x0000000755580000, 0x0000000769280000, 0x00000007c0000000)
  eden space 262144K, 100% used [0x0000000755580000,0x0000000765580000,0x0000000765580000)
  from space 10752K, 0% used [0x0000000765580000,0x0000000765580000,0x0000000766000000)
  to   space 12288K, 0% used [0x0000000768680000,0x0000000768680000,0x0000000769280000)
 ParOldGen       total 164352K, used 16936K [0x0000000680000000, 0x000000068a080000, 0x0000000755580000)
  object space 164352K, 10% used [0x0000000680000000,0x000000068108a310,0x000000068a080000)
 Metaspace       used 47540K, capacity 48584K, committed 48984K, reserved 1091584K
  class space    used 6383K, capacity 6703K, committed 6784K, reserved 1048576K
Event: 4.607 GC heap after
Heap after GC invocations=8 (full 2):
 PSYoungGen      total 305152K, used 12260K [0x0000000755580000, 0x000000076ec00000, 0x00000007c0000000)
  eden space 292864K, 0% used [0x0000000755580000,0x0000000755580000,0x0000000767380000)
  from space 12288K, 99% used [0x0000000768680000,0x0000000769279130,0x0000000769280000)
  to   space 19456K, 0% used [0x0000000767380000,0x0000000767380000,0x0000000768680000)
 ParOldGen       total 164352K, used 27882K [0x0000000680000000, 0x000000068a080000, 0x0000000755580000)
  object space 164352K, 16% used [0x0000000680000000,0x0000000681b3a9c8,0x000000068a080000)
 Metaspace       used 47540K, capacity 48584K, committed 48984K, reserved 1091584K
  class space    used 6383K, capacity 6703K, committed 6784K, reserved 1048576K
}
Event: 6.187 GC heap before
{Heap before GC invocations=9 (full 2):
 PSYoungGen      total 305152K, used 227863K [0x0000000755580000, 0x000000076ec00000, 0x00000007c0000000)
  eden space 292864K, 73% used [0x0000000755580000,0x000000076280cbf8,0x0000000767380000)
  from space 12288K, 99% used [0x0000000768680000,0x0000000769279130,0x0000000769280000)
  to   space 19456K, 0% used [0x0000000767380000,0x0000000767380000,0x0000000768680000)
 ParOldGen       total 164352K, used 27882K [0x0000000680000000, 0x000000068a080000, 0x0000000755580000)
  object space 164352K, 16% used [0x0000000680000000,0x0000000681b3a9c8,0x000000068a080000)
 Metaspace       used 56423K, capacity 59002K, committed 59028K, reserved 1099776K
  class space    used 7706K, capacity 8380K, committed 8380K, reserved 1048576K
Event: 6.213 GC heap after
Heap after GC invocations=9 (full 2):
 PSYoungGen      total 312320K, used 19451K [0x0000000755580000, 0x0000000772b00000, 0x00000007c0000000)
  eden space 292864K, 0% used [0x0000000755580000,0x0000000755580000,0x0000000767380000)
  from space 19456K, 99% used [0x0000000767380000,0x000000076867ef08,0x0000000768680000)
  to   space 30720K, 0% used [0x0000000770d00000,0x0000000770d00000,0x0000000772b00000)
 ParOldGen       total 164352K, used 44954K [0x0000000680000000, 0x000000068a080000, 0x0000000755580000)
  object space 164352K, 27% used [0x0000000680000000,0x0000000682be6b88,0x000000068a080000)
 Metaspace       used 56423K, capacity 59002K, committed 59028K, reserved 1099776K
  class space    used 7706K, capacity 8380K, committed 8380K, reserved 1048576K
}
Event: 6.213 GC heap before
{Heap before GC invocations=10 (full 3):
 PSYoungGen      total 312320K, used 19451K [0x0000000755580000, 0x0000000772b00000, 0x00000007c0000000)
  eden space 292864K, 0% used [0x0000000755580000,0x0000000755580000,0x0000000767380000)
  from space 19456K, 99% used [0x0000000767380000,0x000000076867ef08,0x0000000768680000)
  to   space 30720K, 0% used [0x0000000770d00000,0x0000000770d00000,0x0000000772b00000)
 ParOldGen       total 164352K, used 44954K [0x0000000680000000, 0x000000068a080000, 0x0000000755580000)
  object space 164352K, 27% used [0x0000000680000000,0x0000000682be6b88,0x000000068a080000)
 Metaspace       used 56423K, capacity 59002K, committed 59028K, reserved 1099776K
  class space    used 7706K, capacity 8380K, committed 8380K, reserved 1048576K

Deoptimization events (10 events):
Event: 5.938 Thread 0x00007fb1fc296000 Uncommon trap: reason=unstable_if action=reinterpret pc=0x000000010f77e370 method=groovy.lang.MetaClassImpl.filterPropertyMethod(Ljava/lang/Object;ZZ)Ljava/lang/Object; @ 187
Event: 5.944 Thread 0x00007fb1fc296000 Uncommon trap: reason=unstable_if action=reinterpret pc=0x000000010f10aa0c method=groovy.lang.MetaClassImpl$1MOPIter.methodNameAction(Ljava/lang/Class;Lorg/codehaus/groovy/runtime/metaclass/MetaMethodIndex$Entry;)V @ 354
Event: 5.944 Thread 0x00007fb1fc296000 Uncommon trap: reason=bimorphic action=maybe_recompile pc=0x000000010f061838 method=java.util.Arrays.binarySearch0([Ljava/lang/Object;IILjava/lang/Object;Ljava/util/Comparator;)I @ 48
Event: 5.944 Thread 0x00007fb1fc296000 Uncommon trap: reason=bimorphic action=maybe_recompile pc=0x000000010f061838 method=java.util.Arrays.binarySearch0([Ljava/lang/Object;IILjava/lang/Object;Ljava/util/Comparator;)I @ 48
Event: 5.944 Thread 0x00007fb1fc296000 Uncommon trap: reason=bimorphic action=maybe_recompile pc=0x000000010f061838 method=java.util.Arrays.binarySearch0([Ljava/lang/Object;IILjava/lang/Object;Ljava/util/Comparator;)I @ 48
Event: 5.944 Thread 0x00007fb1fc296000 Uncommon trap: reason=bimorphic action=maybe_recompile pc=0x000000010f061838 method=java.util.Arrays.binarySearch0([Ljava/lang/Object;IILjava/lang/Object;Ljava/util/Comparator;)I @ 48
Event: 5.944 Thread 0x00007fb1fc296000 Uncommon trap: reason=bimorphic action=maybe_recompile pc=0x000000010ec9c920 method=java.util.Arrays.binarySearch0([Ljava/lang/Object;IILjava/lang/Object;Ljava/util/Comparator;)I @ 48
Event: 6.057 Thread 0x00007fb1fc296000 Uncommon trap: reason=unstable_if action=reinterpret pc=0x000000010f4a200c method=java.io.BufferedReader.readLine(Z)Ljava/lang/String; @ 192
Event: 6.134 Thread 0x00007fb1fc296000 Uncommon trap: reason=class_check action=maybe_recompile pc=0x000000010f817cb4 method=groovy.lang.MetaMethod.isStatic()Z @ 1
Event: 6.134 Thread 0x00007fb1fc296000 Uncommon trap: reason=class_check action=maybe_recompile pc=0x000000010f817cb4 method=groovy.lang.MetaMethod.isStatic()Z @ 1

Classes redefined (0 events):
No events

Internal exceptions (10 events):
Event: 6.181 Thread 0x00007fb1fc296000 Exception <a 'java/lang/ClassNotFoundException': org/gradle/internal/jacoco/JacocoReportsContainerImplCustomizer> (0x00000007622daab0) thrown at [/Volumes/android/AOSP-openjdk-git/jdk8u/hotspot/src/share/vm/classfile/systemDictionary.cpp, line 210]
Event: 6.181 Thread 0x00007fb1fc296000 Exception <a 'java/lang/ClassNotFoundException': org/gradle/internal/jacoco/JacocoReportsContainerImpl_DecoratedCustomizer> (0x000000076231f560) thrown at [/Volumes/android/AOSP-openjdk-git/jdk8u/hotspot/src/share/vm/classfile/systemDictionary.cpp, line 2
Event: 6.183 Thread 0x00007fb1fc296000 Exception <a 'java/lang/ClassNotFoundException': org/gradle/api/reporting/internal/TaskGeneratedSingleFileReport_DecoratedBeanInfo> (0x00000007623cab50) thrown at [/Volumes/android/AOSP-openjdk-git/jdk8u/hotspot/src/share/vm/classfile/systemDictionary.cpp
Event: 6.184 Thread 0x00007fb1fc296000 Exception <a 'java/lang/ClassNotFoundException': org/gradle/api/reporting/internal/TaskGeneratedSingleFileReportBeanInfo> (0x00000007623fc4a8) thrown at [/Volumes/android/AOSP-openjdk-git/jdk8u/hotspot/src/share/vm/classfile/systemDictionary.cpp, line 210
Event: 6.184 Thread 0x00007fb1fc296000 Exception <a 'java/lang/ClassNotFoundException': org/gradle/api/reporting/internal/TaskGeneratedReportBeanInfo> (0x00000007624299f8) thrown at [/Volumes/android/AOSP-openjdk-git/jdk8u/hotspot/src/share/vm/classfile/systemDictionary.cpp, line 210]
Event: 6.184 Thread 0x00007fb1fc296000 Exception <a 'java/lang/ClassNotFoundException': org/gradle/api/reporting/internal/SimpleReportBeanInfo> (0x00000007624534e8) thrown at [/Volumes/android/AOSP-openjdk-git/jdk8u/hotspot/src/share/vm/classfile/systemDictionary.cpp, line 210]
Event: 6.185 Thread 0x00007fb1fc296000 Exception <a 'java/lang/ClassNotFoundException': org/gradle/api/reporting/internal/SimpleReportCustomizer> (0x000000076247e270) thrown at [/Volumes/android/AOSP-openjdk-git/jdk8u/hotspot/src/share/vm/classfile/systemDictionary.cpp, line 210]
Event: 6.185 Thread 0x00007fb1fc296000 Exception <a 'java/lang/ClassNotFoundException': org/gradle/api/reporting/internal/TaskGeneratedReportCustomizer> (0x00000007624bc350) thrown at [/Volumes/android/AOSP-openjdk-git/jdk8u/hotspot/src/share/vm/classfile/systemDictionary.cpp, line 210]
Event: 6.186 Thread 0x00007fb1fc296000 Exception <a 'java/lang/ClassNotFoundException': org/gradle/api/reporting/internal/TaskGeneratedSingleFileReportCustomizer> (0x00000007624f1430) thrown at [/Volumes/android/AOSP-openjdk-git/jdk8u/hotspot/src/share/vm/classfile/systemDictionary.cpp, line 2
Event: 6.186 Thread 0x00007fb1fc296000 Exception <a 'java/lang/ClassNotFoundException': org/gradle/api/reporting/internal/TaskGeneratedSingleFileReport_DecoratedCustomizer> (0x000000076252bec8) thrown at [/Volumes/android/AOSP-openjdk-git/jdk8u/hotspot/src/share/vm/classfile/systemDictionary.c

Events (10 events):
Event: 6.186 loading class org/gradle/api/reporting/internal/TaskGeneratedSingleFileReportCustomizer done
Event: 6.186 loading class org/gradle/api/reporting/internal/TaskGeneratedSingleFileReport_DecoratedCustomizer
Event: 6.186 loading class org/gradle/api/reporting/internal/TaskGeneratedSingleFileReport_DecoratedCustomizer done
Event: 6.186 loading class org/gradle/api/reporting/internal/TaskGeneratedSingleFileReport_DecoratedCustomizer
Event: 6.186 loading class org/gradle/api/reporting/internal/TaskGeneratedSingleFileReport_DecoratedCustomizer done
Event: 6.186 loading class org/gradle/api/reporting/internal/TaskGeneratedSingleFileReport_DecoratedCustomizer
Event: 6.186 loading class org/gradle/api/reporting/internal/TaskGeneratedSingleFileReport_DecoratedCustomizer done
Event: 6.187 loading class org/gradle/internal/featurelifecycle/DeprecatedFeatureUsage
Event: 6.187 loading class org/gradle/internal/featurelifecycle/DeprecatedFeatureUsage done
Event: 6.187 Executing VM operation: CollectForMetadataAllocation


Dynamic libraries:
0x0000000012918000 	/System/Library/Frameworks/Cocoa.framework/Versions/A/Cocoa
0x0000000012918000 	/System/Library/Frameworks/Security.framework/Versions/A/Security
0x0000000012918000 	/System/Library/Frameworks/ApplicationServices.framework/Versions/A/ApplicationServices
0x0000000012918000 	/usr/lib/libz.1.dylib
0x0000000012918000 	/usr/lib/libSystem.B.dylib
0x0000000012918000 	/System/Library/Frameworks/CoreFoundation.framework/Versions/A/CoreFoundation
0x0000000012918000 	/System/Library/Frameworks/Foundation.framework/Versions/C/Foundation
0x0000000012918000 	/usr/lib/libobjc.A.dylib
0x0000000012918000 	/System/Library/Frameworks/AppKit.framework/Versions/C/AppKit
0x0000000012918000 	/System/Library/Frameworks/CoreData.framework/Versions/A/CoreData
0x0000000012918000 	/System/Library/PrivateFrameworks/RemoteViewServices.framework/Versions/A/RemoteViewServices
0x0000000012918000 	/System/Library/PrivateFrameworks/UIFoundation.framework/Versions/A/UIFoundation
0x0000000012918000 	/System/Library/PrivateFrameworks/XCTTargetBootstrap.framework/Versions/A/XCTTargetBootstrap
0x0000000012918000 	/System/Library/PrivateFrameworks/IconServices.framework/Versions/A/IconServices
0x0000000012918000 	/System/Library/Frameworks/Metal.framework/Versions/A/Metal
0x0000000012918000 	/System/Library/PrivateFrameworks/DesktopServicesPriv.framework/Versions/A/DesktopServicesPriv
0x0000000012918000 	/usr/lib/libenergytrace.dylib
0x0000000012918000 	/System/Library/PrivateFrameworks/SkyLight.framework/Versions/A/SkyLight
0x0000000012918000 	/System/Library/Frameworks/CoreGraphics.framework/Versions/A/CoreGraphics
0x0000000012918000 	/System/Library/Frameworks/Accelerate.framework/Versions/A/Accelerate
0x0000000012918000 	/System/Library/Frameworks/IOSurface.framework/Versions/A/IOSurface
0x0000000012918000 	/System/Library/PrivateFrameworks/DFRFoundation.framework/Versions/A/DFRFoundation
0x0000000012918000 	/System/Library/Frameworks/AudioToolbox.framework/Versions/A/AudioToolbox
0x0000000012918000 	/System/Library/Frameworks/AudioUnit.framework/Versions/A/AudioUnit
0x0000000012918000 	/System/Library/PrivateFrameworks/DataDetectorsCore.framework/Versions/A/DataDetectorsCore
0x0000000012918000 	/System/Library/Frameworks/Carbon.framework/Versions/A/Frameworks/HIToolbox.framework/Versions/A/HIToolbox
0x0000000012918000 	/usr/lib/libicucore.A.dylib
0x0000000012918000 	/System/Library/Frameworks/QuartzCore.framework/Versions/A/QuartzCore
0x0000000012918000 	/System/Library/Frameworks/Carbon.framework/Versions/A/Frameworks/SpeechRecognition.framework/Versions/A/SpeechRecognition
0x0000000012918000 	/usr/lib/libauto.dylib
0x0000000012918000 	/usr/lib/libxml2.2.dylib
0x0000000012918000 	/System/Library/PrivateFrameworks/CoreUI.framework/Versions/A/CoreUI
0x0000000012918000 	/System/Library/Frameworks/CoreAudio.framework/Versions/A/CoreAudio
0x0000000012918000 	/System/Library/Frameworks/DiskArbitration.framework/Versions/A/DiskArbitration
0x0000000012918000 	/usr/lib/liblangid.dylib
0x0000000012918000 	/System/Library/PrivateFrameworks/MultitouchSupport.framework/Versions/A/MultitouchSupport
0x0000000012918000 	/System/Library/Frameworks/IOKit.framework/Versions/A/IOKit
0x0000000012918000 	/usr/lib/libDiagnosticMessagesClient.dylib
0x0000000012918000 	/System/Library/Frameworks/CoreServices.framework/Versions/A/CoreServices
0x0000000012918000 	/System/Library/PrivateFrameworks/PerformanceAnalysis.framework/Versions/A/PerformanceAnalysis
0x0000000012918000 	/System/Library/Frameworks/OpenGL.framework/Versions/A/OpenGL
0x0000000012918000 	/System/Library/Frameworks/ColorSync.framework/Versions/A/ColorSync
0x0000000012918000 	/System/Library/Frameworks/CoreImage.framework/Versions/A/CoreImage
0x0000000012918000 	/System/Library/Frameworks/CoreText.framework/Versions/A/CoreText
0x0000000012918000 	/System/Library/Frameworks/ImageIO.framework/Versions/A/ImageIO
0x0000000012918000 	/System/Library/PrivateFrameworks/Backup.framework/Versions/A/Backup
0x0000000012918000 	/usr/lib/libarchive.2.dylib
0x0000000012918000 	/System/Library/Frameworks/CFNetwork.framework/Versions/A/CFNetwork
0x0000000012918000 	/System/Library/Frameworks/SystemConfiguration.framework/Versions/A/SystemConfiguration
0x0000000012918000 	/usr/lib/libCRFSuite.dylib
0x0000000012918000 	/usr/lib/libc++.1.dylib
0x0000000012918000 	/usr/lib/libc++abi.dylib
0x0000000012918000 	/usr/lib/system/libcache.dylib
0x0000000012918000 	/usr/lib/system/libcommonCrypto.dylib
0x0000000012918000 	/usr/lib/system/libcompiler_rt.dylib
0x0000000012918000 	/usr/lib/system/libcopyfile.dylib
0x0000000012918000 	/usr/lib/system/libcorecrypto.dylib
0x0000000012918000 	/usr/lib/system/libdispatch.dylib
0x0000000012918000 	/usr/lib/system/libdyld.dylib
0x0000000012918000 	/usr/lib/system/libkeymgr.dylib
0x0000000012918000 	/usr/lib/system/liblaunch.dylib
0x0000000012918000 	/usr/lib/system/libmacho.dylib
0x0000000012918000 	/usr/lib/system/libquarantine.dylib
0x0000000012918000 	/usr/lib/system/libremovefile.dylib
0x0000000012918000 	/usr/lib/system/libsystem_asl.dylib
0x0000000012918000 	/usr/lib/system/libsystem_blocks.dylib
0x0000000012918000 	/usr/lib/system/libsystem_c.dylib
0x0000000012918000 	/usr/lib/system/libsystem_configuration.dylib
0x0000000012918000 	/usr/lib/system/libsystem_coreservices.dylib
0x0000000012918000 	/usr/lib/system/libsystem_darwin.dylib
0x0000000012918000 	/usr/lib/system/libsystem_dnssd.dylib
0x0000000012918000 	/usr/lib/system/libsystem_info.dylib
0x0000000012918000 	/usr/lib/system/libsystem_m.dylib
0x0000000012918000 	/usr/lib/system/libsystem_malloc.dylib
0x0000000012918000 	/usr/lib/system/libsystem_networkextension.dylib
0x0000000012918000 	/usr/lib/system/libsystem_notify.dylib
0x0000000012918000 	/usr/lib/system/libsystem_sandbox.dylib
0x0000000012918000 	/usr/lib/system/libsystem_secinit.dylib
0x0000000012918000 	/usr/lib/system/libsystem_kernel.dylib
0x0000000012918000 	/usr/lib/system/libsystem_platform.dylib
0x0000000012918000 	/usr/lib/system/libsystem_pthread.dylib
0x0000000012918000 	/usr/lib/system/libsystem_symptoms.dylib
0x0000000012918000 	/usr/lib/system/libsystem_trace.dylib
0x0000000012918000 	/usr/lib/system/libunwind.dylib
0x0000000012918000 	/usr/lib/system/libxpc.dylib
0x0000000012918000 	/usr/lib/libbsm.0.dylib
0x0000000012918000 	/usr/lib/system/libkxld.dylib
0x0000000012918000 	/System/Library/PrivateFrameworks/AppleFSCompression.framework/Versions/A/AppleFSCompression
0x0000000012918000 	/usr/lib/libOpenScriptingUtil.dylib
0x0000000012918000 	/usr/lib/libcoretls.dylib
0x0000000012918000 	/usr/lib/libcoretls_cfhelpers.dylib
0x0000000012918000 	/usr/lib/libpam.2.dylib
0x0000000012918000 	/usr/lib/libsqlite3.dylib
0x0000000012918000 	/usr/lib/libxar.1.dylib
0x0000000012918000 	/usr/lib/libbz2.1.0.dylib
0x0000000012918000 	/usr/lib/liblzma.5.dylib
0x0000000012918000 	/usr/lib/libnetwork.dylib
0x0000000012918000 	/usr/lib/libapple_nghttp2.dylib
0x0000000012918000 	/usr/lib/libpcap.A.dylib
0x0000000012918000 	/System/Library/Frameworks/CoreServices.framework/Versions/A/Frameworks/FSEvents.framework/Versions/A/FSEvents
0x0000000012918000 	/System/Library/Frameworks/CoreServices.framework/Versions/A/Frameworks/CarbonCore.framework/Versions/A/CarbonCore
0x0000000012918000 	/System/Library/Frameworks/CoreServices.framework/Versions/A/Frameworks/Metadata.framework/Versions/A/Metadata
0x0000000012918000 	/System/Library/Frameworks/CoreServices.framework/Versions/A/Frameworks/OSServices.framework/Versions/A/OSServices
0x0000000012918000 	/System/Library/Frameworks/CoreServices.framework/Versions/A/Frameworks/SearchKit.framework/Versions/A/SearchKit
0x0000000012918000 	/System/Library/Frameworks/CoreServices.framework/Versions/A/Frameworks/AE.framework/Versions/A/AE
0x0000000012918000 	/System/Library/Frameworks/CoreServices.framework/Versions/A/Frameworks/LaunchServices.framework/Versions/A/LaunchServices
0x0000000012918000 	/System/Library/Frameworks/CoreServices.framework/Versions/A/Frameworks/DictionaryServices.framework/Versions/A/DictionaryServices
0x0000000012918000 	/System/Library/Frameworks/CoreServices.framework/Versions/A/Frameworks/SharedFileList.framework/Versions/A/SharedFileList
0x0000000012918000 	/System/Library/Frameworks/NetFS.framework/Versions/A/NetFS
0x0000000012918000 	/System/Library/PrivateFrameworks/NetAuth.framework/Versions/A/NetAuth
0x0000000012918000 	/System/Library/PrivateFrameworks/login.framework/Versions/A/Frameworks/loginsupport.framework/Versions/A/loginsupport
0x0000000012918000 	/System/Library/PrivateFrameworks/TCC.framework/Versions/A/TCC
0x0000000012918000 	/System/Library/PrivateFrameworks/CoreNLP.framework/Versions/A/CoreNLP
0x0000000012918000 	/System/Library/PrivateFrameworks/MetadataUtilities.framework/Versions/A/MetadataUtilities
0x0000000012918000 	/usr/lib/libmecabra.dylib
0x0000000012918000 	/System/Library/Frameworks/ApplicationServices.framework/Versions/A/Frameworks/ATS.framework/Versions/A/ATS
0x0000000012918000 	/System/Library/Frameworks/ApplicationServices.framework/Versions/A/Frameworks/ColorSyncLegacy.framework/Versions/A/ColorSyncLegacy
0x0000000012918000 	/System/Library/Frameworks/ApplicationServices.framework/Versions/A/Frameworks/HIServices.framework/Versions/A/HIServices
0x0000000012918000 	/System/Library/Frameworks/ApplicationServices.framework/Versions/A/Frameworks/LangAnalysis.framework/Versions/A/LangAnalysis
0x0000000012918000 	/System/Library/Frameworks/ApplicationServices.framework/Versions/A/Frameworks/PrintCore.framework/Versions/A/PrintCore
0x0000000012918000 	/System/Library/Frameworks/ApplicationServices.framework/Versions/A/Frameworks/QD.framework/Versions/A/QD
0x0000000012918000 	/System/Library/Frameworks/ApplicationServices.framework/Versions/A/Frameworks/SpeechSynthesis.framework/Versions/A/SpeechSynthesis
0x0000000012918000 	/usr/lib/libcompression.dylib
0x0000000012918000 	/System/Library/Frameworks/CoreDisplay.framework/Versions/A/CoreDisplay
0x0000000012918000 	/System/Library/Frameworks/MetalPerformanceShaders.framework/Versions/A/MetalPerformanceShaders
0x0000000012918000 	/System/Library/Frameworks/Accelerate.framework/Versions/A/Frameworks/vImage.framework/Versions/A/vImage
0x0000000012918000 	/System/Library/Frameworks/Accelerate.framework/Versions/A/Frameworks/vecLib.framework/Versions/A/vecLib
0x0000000012918000 	/System/Library/Frameworks/Accelerate.framework/Versions/A/Frameworks/vecLib.framework/Versions/A/libvMisc.dylib
0x0000000012918000 	/System/Library/Frameworks/Accelerate.framework/Versions/A/Frameworks/vecLib.framework/Versions/A/libvDSP.dylib
0x0000000012918000 	/System/Library/Frameworks/Accelerate.framework/Versions/A/Frameworks/vecLib.framework/Versions/A/libBLAS.dylib
0x0000000012918000 	/System/Library/Frameworks/Accelerate.framework/Versions/A/Frameworks/vecLib.framework/Versions/A/libLAPACK.dylib
0x0000000012918000 	/System/Library/Frameworks/Accelerate.framework/Versions/A/Frameworks/vecLib.framework/Versions/A/libLinearAlgebra.dylib
0x0000000012918000 	/System/Library/Frameworks/Accelerate.framework/Versions/A/Frameworks/vecLib.framework/Versions/A/libSparseBLAS.dylib
0x0000000012918000 	/System/Library/Frameworks/Accelerate.framework/Versions/A/Frameworks/vecLib.framework/Versions/A/libQuadrature.dylib
0x0000000012918000 	/System/Library/Frameworks/Accelerate.framework/Versions/A/Frameworks/vecLib.framework/Versions/A/libBNNS.dylib
0x0000000012918000 	/System/Library/Frameworks/Accelerate.framework/Versions/A/Frameworks/vecLib.framework/Versions/A/libSparse.dylib
0x0000000012918000 	/System/Library/PrivateFrameworks/GPUWrangler.framework/Versions/A/GPUWrangler
0x0000000012918000 	/System/Library/PrivateFrameworks/IOAccelerator.framework/Versions/A/IOAccelerator
0x0000000012918000 	/System/Library/PrivateFrameworks/IOPresentment.framework/Versions/A/IOPresentment
0x0000000012918000 	/System/Library/PrivateFrameworks/DSExternalDisplay.framework/Versions/A/DSExternalDisplay
0x0000000012918000 	/System/Library/Frameworks/OpenGL.framework/Versions/A/Libraries/libCoreFSCache.dylib
0x0000000012918000 	/System/Library/Frameworks/MetalPerformanceShaders.framework/Frameworks/MPSCore.framework/Versions/A/MPSCore
0x0000000012918000 	/System/Library/Frameworks/MetalPerformanceShaders.framework/Frameworks/MPSImage.framework/Versions/A/MPSImage
0x0000000012918000 	/System/Library/Frameworks/MetalPerformanceShaders.framework/Frameworks/MPSNeuralNetwork.framework/Versions/A/MPSNeuralNetwork
0x0000000012918000 	/System/Library/Frameworks/MetalPerformanceShaders.framework/Frameworks/MPSMatrix.framework/Versions/A/MPSMatrix
0x0000000012918000 	/System/Library/Frameworks/MetalPerformanceShaders.framework/Frameworks/MPSRayIntersector.framework/Versions/A/MPSRayIntersector
0x0000000012918000 	/System/Library/PrivateFrameworks/MetalTools.framework/Versions/A/MetalTools
0x0000000012918000 	/System/Library/PrivateFrameworks/AggregateDictionary.framework/Versions/A/AggregateDictionary
0x0000000012918000 	/usr/lib/libMobileGestalt.dylib
0x0000000012918000 	/System/Library/Frameworks/CoreVideo.framework/Versions/A/CoreVideo
0x0000000012918000 	/System/Library/PrivateFrameworks/GraphVisualizer.framework/Versions/A/GraphVisualizer
0x0000000012918000 	/System/Library/PrivateFrameworks/FaceCore.framework/Versions/A/FaceCore
0x0000000012918000 	/System/Library/Frameworks/OpenCL.framework/Versions/A/OpenCL
0x0000000012918000 	/usr/lib/libFosl_dynamic.dylib
0x0000000012918000 	/System/Library/PrivateFrameworks/OTSVG.framework/Versions/A/OTSVG
0x0000000012918000 	/System/Library/Frameworks/ApplicationServices.framework/Versions/A/Frameworks/ATS.framework/Versions/A/Resources/libFontParser.dylib
0x0000000012918000 	/System/Library/Frameworks/ApplicationServices.framework/Versions/A/Frameworks/ATS.framework/Versions/A/Resources/libFontRegistry.dylib
0x0000000012918000 	/System/Library/Frameworks/ImageIO.framework/Versions/A/Resources/libJPEG.dylib
0x0000000012918000 	/System/Library/Frameworks/ImageIO.framework/Versions/A/Resources/libTIFF.dylib
0x0000000012918000 	/System/Library/Frameworks/ImageIO.framework/Versions/A/Resources/libPng.dylib
0x0000000012918000 	/System/Library/Frameworks/ImageIO.framework/Versions/A/Resources/libGIF.dylib
0x0000000012918000 	/System/Library/Frameworks/ImageIO.framework/Versions/A/Resources/libJP2.dylib
0x0000000012918000 	/System/Library/Frameworks/ImageIO.framework/Versions/A/Resources/libRadiance.dylib
0x0000000012918000 	/System/Library/PrivateFrameworks/AppleJPEG.framework/Versions/A/AppleJPEG
0x0000000012918000 	/System/Library/Frameworks/OpenGL.framework/Versions/A/Libraries/libGFXShared.dylib
0x0000000012918000 	/System/Library/Frameworks/OpenGL.framework/Versions/A/Libraries/libGLU.dylib
0x0000000012918000 	/System/Library/Frameworks/OpenGL.framework/Versions/A/Libraries/libGL.dylib
0x0000000012918000 	/System/Library/Frameworks/OpenGL.framework/Versions/A/Libraries/libGLImage.dylib
0x0000000012918000 	/System/Library/Frameworks/OpenGL.framework/Versions/A/Libraries/libCVMSPluginSupport.dylib
0x0000000012918000 	/System/Library/Frameworks/OpenGL.framework/Versions/A/Libraries/libCoreVMClient.dylib
0x0000000012918000 	/usr/lib/libcups.2.dylib
0x0000000012918000 	/System/Library/Frameworks/Kerberos.framework/Versions/A/Kerberos
0x0000000012918000 	/System/Library/Frameworks/GSS.framework/Versions/A/GSS
0x0000000012918000 	/usr/lib/libresolv.9.dylib
0x0000000012918000 	/usr/lib/libiconv.2.dylib
0x0000000012918000 	/System/Library/PrivateFrameworks/Heimdal.framework/Versions/A/Heimdal
0x0000000012918000 	/usr/lib/libheimdal-asn1.dylib
0x0000000012918000 	/System/Library/Frameworks/OpenDirectory.framework/Versions/A/OpenDirectory
0x0000000012918000 	/System/Library/PrivateFrameworks/CommonAuth.framework/Versions/A/CommonAuth
0x0000000012918000 	/System/Library/Frameworks/OpenDirectory.framework/Versions/A/Frameworks/CFOpenDirectory.framework/Versions/A/CFOpenDirectory
0x0000000012918000 	/System/Library/Frameworks/SecurityFoundation.framework/Versions/A/SecurityFoundation
0x0000000012918000 	/System/Library/PrivateFrameworks/APFS.framework/Versions/A/APFS
0x0000000012918000 	/usr/lib/libutil.dylib
0x0000000012918000 	/usr/lib/libcharset.1.dylib
0x0000000012918000 	/System/Library/PrivateFrameworks/AppleSauce.framework/Versions/A/AppleSauce
0x0000000012918000 	/System/Library/PrivateFrameworks/AssertionServices.framework/Versions/A/AssertionServices
0x0000000012918000 	/System/Library/PrivateFrameworks/BaseBoard.framework/Versions/A/BaseBoard
0x0000000012918000 	/usr/lib/libmecab.1.0.0.dylib
0x0000000012918000 	/usr/lib/libgermantok.dylib
0x0000000012918000 	/usr/lib/libThaiTokenizer.dylib
0x0000000012918000 	/usr/lib/libChineseTokenizer.dylib
0x0000000012918000 	/System/Library/PrivateFrameworks/LanguageModeling.framework/Versions/A/LanguageModeling
0x0000000012918000 	/System/Library/PrivateFrameworks/CoreEmoji.framework/Versions/A/CoreEmoji
0x0000000012918000 	/System/Library/PrivateFrameworks/Lexicon.framework/Versions/A/Lexicon
0x0000000012918000 	/System/Library/PrivateFrameworks/LinguisticData.framework/Versions/A/LinguisticData
0x0000000012918000 	/usr/lib/libcmph.dylib
0x0000000012918000 	/System/Library/Frameworks/ServiceManagement.framework/Versions/A/ServiceManagement
0x0000000012918000 	/System/Library/PrivateFrameworks/BackgroundTaskManagement.framework/Versions/A/BackgroundTaskManagement
0x0000000012918000 	/usr/lib/libxslt.1.dylib
0x0000000012918000 	/System/Library/Frameworks/Carbon.framework/Versions/A/Frameworks/Ink.framework/Versions/A/Ink
0x0000000012918000 	/System/Library/PrivateFrameworks/TextureIO.framework/Versions/A/TextureIO
0x0000000012918000 	/usr/lib/libate.dylib
0x0000000012918000 	/System/Library/PrivateFrameworks/CrashReporterSupport.framework/Versions/A/CrashReporterSupport
0x0000000012918000 	/System/Library/PrivateFrameworks/Sharing.framework/Versions/A/Sharing
0x0000000012918000 	/System/Library/PrivateFrameworks/AuthKit.framework/Versions/A/AuthKit
0x0000000012918000 	/System/Library/PrivateFrameworks/Apple80211.framework/Versions/A/Apple80211
0x0000000012918000 	/System/Library/PrivateFrameworks/CoreUtils.framework/Versions/A/CoreUtils
0x0000000012918000 	/System/Library/Frameworks/CoreWLAN.framework/Versions/A/CoreWLAN
0x0000000012918000 	/System/Library/Frameworks/IOBluetooth.framework/Versions/A/IOBluetooth
0x0000000012918000 	/System/Library/PrivateFrameworks/ProtocolBuffer.framework/Versions/A/ProtocolBuffer
0x0000000012918000 	/System/Library/PrivateFrameworks/MobileKeyBag.framework/Versions/A/MobileKeyBag
0x0000000012918000 	/System/Library/PrivateFrameworks/CorePhoneNumbers.framework/Versions/A/CorePhoneNumbers
0x0000000012918000 	/System/Library/PrivateFrameworks/AppleIDAuthSupport.framework/Versions/A/AppleIDAuthSupport
0x0000000012918000 	/System/Library/PrivateFrameworks/KeychainCircle.framework/Versions/A/KeychainCircle
0x0000000012918000 	/System/Library/PrivateFrameworks/ROCKit.framework/Versions/A/ROCKit
0x0000000012918000 	/System/Library/PrivateFrameworks/CoreWiFi.framework/Versions/A/CoreWiFi
0x0000000012918000 	/System/Library/Frameworks/CoreBluetooth.framework/Versions/A/CoreBluetooth
0x0000000012918000 	/System/Library/PrivateFrameworks/DebugSymbols.framework/Versions/A/DebugSymbols
0x0000000012918000 	/System/Library/PrivateFrameworks/CoreSymbolication.framework/Versions/A/CoreSymbolication
0x0000000012918000 	/System/Library/PrivateFrameworks/Symbolication.framework/Versions/A/Symbolication
0x0000000012918000 	/System/Library/PrivateFrameworks/SpeechRecognitionCore.framework/Versions/A/SpeechRecognitionCore
0x0000000012918000 	/System/Library/CoreServices/Encodings/libSimplifiedChineseConverter.dylib
0x0000000106c00000 	/Applications/Android Studio.app/Contents/jre/jdk/Contents/Home/jre/lib/server/libjvm.dylib
0x0000000012918000 	/usr/lib/libstdc++.6.dylib
0x0000000105b89000 	/Applications/Android Studio.app/Contents/jre/jdk/Contents/Home/jre/lib/libverify.dylib
0x0000000105b95000 	/Applications/Android Studio.app/Contents/jre/jdk/Contents/Home/jre/lib/libjava.dylib
0x0000000105bd3000 	/Applications/Android Studio.app/Contents/jre/jdk/Contents/Home/jre/lib/libzip.dylib
0x000000010c432000 	/Applications/Android Studio.app/Contents/jre/jdk/Contents/Home/jre/lib/libnet.dylib
0x000000010c449000 	/Applications/Android Studio.app/Contents/jre/jdk/Contents/Home/jre/lib/libnio.dylib
0x000000010c459000 	/Users/zhengjiangrong/.gradle/native/25/osx-amd64/libnative-platform.dylib
0x000000010c89d000 	/Applications/Android Studio.app/Contents/jre/jdk/Contents/Home/jre/lib/libmanagement.dylib

VM Arguments:
jvm_args: -Xmx5120m -Dfile.encoding=UTF-8 -Duser.country=CN -Duser.language=zh -Duser.variant 
java_command: org.gradle.launcher.daemon.bootstrap.GradleDaemon 4.6
java_class_path (initial): /Users/zhengjiangrong/.gradle/wrapper/dists/gradle-4.6-all/bcst21l2brirad8k2ben1letg/gradle-4.6/lib/gradle-launcher-4.6.jar
Launcher Type: SUN_STANDARD

Environment Variables:
PATH=/Users/zhengjiangrong/.nvm/versions/node/v8.5.0/bin:/Library/Frameworks/Python.framework/Versions/3.5/bin:/Users/zhengjiangrong/.rvm/gems/ruby-2.2.1/bin:/Users/zhengjiangrong/.rvm/gems/ruby-2.2.1@global/bin:/Users/zhengjiangrong/.rvm/rubies/ruby-2.2.1/bin:/Users/zhengjiangrong/work/web/apache-maven-3.1.1/bin:/usr/local/bin:/usr/bin:/bin:/usr/sbin:/sbin:/opt/X11/bin:/Users/zhengjiangrong/work/android/adt-bundle-mac-x86_64-20140702/sdk_studio/tools:/Users/zhengjiangrong/work/android/adt-bundle-mac-x86_64-20140702/sdk_studio/platform-tools:/Users/zhengjiangrong/.rvm/bin:/Users/zhengjiangrong/.gradle/wrapper/dists/gradle-4.6-all/bcst21l2brirad8k2ben1letg/gradle-4.6/bin:/usr/local/nginx/sbin
SHELL=/bin/bash
DISPLAY=/private/tmp/com.apple.launchd.Yq9gw3BfQE/org.macosforge.xquartz:0

Signal Handlers:
SIGSEGV: [libjvm.dylib+0x570b99], sa_mask[0]=11111111011111110111111111111111, sa_flags=SA_ONSTACK|SA_RESTART|SA_SIGINFO
SIGBUS: [libjvm.dylib+0x570b99], sa_mask[0]=11111111011111110111111111111111, sa_flags=SA_RESTART|SA_SIGINFO
SIGFPE: [libjvm.dylib+0x461f7d], sa_mask[0]=11111111011111110111111111111111, sa_flags=SA_RESTART|SA_SIGINFO
SIGPIPE: [libjvm.dylib+0x461f7d], sa_mask[0]=11111111011111110111111111111111, sa_flags=SA_RESTART|SA_SIGINFO
SIGXFSZ: [libjvm.dylib+0x461f7d], sa_mask[0]=11111111011111110111111111111111, sa_flags=SA_RESTART|SA_SIGINFO
SIGILL: [libjvm.dylib+0x461f7d], sa_mask[0]=11111111011111110111111111111111, sa_flags=SA_RESTART|SA_SIGINFO
SIGUSR1: SIG_DFL, sa_mask[0]=00000000000000000000000000000000, sa_flags=none
SIGUSR2: [libjvm.dylib+0x46288e], sa_mask[0]=00100000000000000000000000000000, sa_flags=SA_RESTART|SA_SIGINFO
SIGHUP: [libjvm.dylib+0x460a77], sa_mask[0]=11111111011111110111111111111111, sa_flags=SA_RESTART|SA_SIGINFO
SIGINT: [libjvm.dylib+0x460a77], sa_mask[0]=11111111011111110111111111111111, sa_flags=SA_RESTART|SA_SIGINFO
SIGTERM: [libjvm.dylib+0x460a77], sa_mask[0]=11111111011111110111111111111111, sa_flags=SA_RESTART|SA_SIGINFO
SIGQUIT: [libjvm.dylib+0x460a77], sa_mask[0]=11111111011111110111111111111111, sa_flags=SA_RESTART|SA_SIGINFO


---------------  S Y S T E M  ---------------

OS:Bsduname:Darwin 18.2.0 Darwin Kernel Version 18.2.0: Mon Nov 12 20:24:46 PST 2018; root:xnu-4903.231.4~2/RELEASE_X86_64 x86_64
rlimit: STACK 8192k, CORE 0k, NPROC 1418, NOFILE 10240, AS infinity
load average:2.79 2.54 2.70

CPU:total 8 (initial active 8) (4 cores per cpu, 2 threads per core) family 6 model 70 stepping 1, cmov, cx8, fxsr, mmx, sse, sse2, sse3, ssse3, sse4.1, sse4.2, popcnt, avx, avx2, aes, clmul, erms, lzcnt, ht, tsc, tscinvbit, bmi1, bmi2

Memory: 4k page, physical 16777216k(387264k free)

/proc/meminfo:


vm_info: OpenJDK 64-Bit Server VM (25.152-b06) for bsd-amd64 JRE (1.8.0_152-release-1136-b06), built by "builder" with gcc 4.2.1 Compatible Apple LLVM 9.1.0 (clang-902.0.39.2)

time: Fri Feb 22 18:13:54 2019
elapsed time: 6 seconds (0d 0h 0m 6s)

